#
# A fatal error has been detected by the Java Runtime Environment:
#
#  SIGBUS (0x7) at pc=0x00007f26210fbc45, pid=32554, tid=139800348976896
#
# JRE version: Java(TM) SE Runtime Environment (8.0_73-b02) (build 1.8.0_73-b02)
# Java VM: Java HotSpot(TM) 64-Bit Server VM (25.73-b02 mixed mode linux-amd64 compressed oops)
# Problematic frame:
# V  [libjvm.so+0x7f7c45]
#
# Failed to write core dump. Core dumps have been disabled. To enable core dumping, try "ulimit -c unlimited" before starting Java again
#
# If you would like to submit a bug report, please visit:
#   http://bugreport.java.com/bugreport/crash.jsp
#

---------------  T H R E A D  ---------------

Current thread (0x00007f261c437800):  JavaThread "*** Profiler Agent Special Execution Thread 6" daemon [_thread_in_vm, id=32591, stack(0x00007f25ce13e000,0x00007f25ce23f000)]

siginfo: si_signo: 7 (SIGBUS), si_code: 2 (BUS_ADRERR), si_addr: 0x00007f25cdac1000

Registers:
RAX=0x00000005c60f5128, RBX=0x00007f261c437800, RCX=0x00007f25cdb52108, RDX=0xfffffffffffedde2
RSP=0x00007f25ce23d1a8, RBP=0x00007f25ce23d200, RSI=0x2f43a43f4fec041f, RDI=0x00000005c6064020
R8 =0x0000000000024445, R9 =0x00007f25cdac1000, R10=0x00007f260c5b4ac8, R11=0x00007f26212bdca0
R12=0x00007f25ce23d2f8, R13=0x0000000000000000, R14=0x00007f26218b50e0, R15=0x00007f26218b9640
RIP=0x00007f26210fbc45, EFLAGS=0x0000000000010296, CSGSFS=0x0000000000000033, ERR=0x0000000000000006
  TRAPNO=0x000000000000000e

Top of Stack: (sp=0x00007f25ce23d1a8)
0x00007f25ce23d1a8:   00007f2621391cbf 00007f25cdac1000
0x00007f25ce23d1b8:   0000000000000010 00007f261c437800
0x00007f25ce23d1c8:   00007f25ce23d378 00007f25d787ed70
0x00007f25ce23d1d8:   00007f25d787ed70 0000000000000000
0x00007f25ce23d1e8:   00007f25d787ed70 00007f25ce23d300
0x00007f25ce23d1f8:   00007f261c437800 00007f25ce23d2a0
0x00007f25ce23d208:   00007f260c5b4af4 0000000000091114
0x00007f25ce23d218:   00007f261c437800 000000011c04ae00
0x00007f25ce23d228:   00007f261c429180 00007f25d79562f0
0x00007f25ce23d238:   00007f25d79562f0 00007f261c438338
0x00007f25ce23d248:   00007f261c437800 00007f261c437800
0x00007f25ce23d258:   00007f26211b69d9 00007f25ce23d260
0x00007f25ce23d268:   0000000000000000 00007f25ce23d300
0x00007f25ce23d278:   00007f25d78ac008 0000000000000000
0x00007f25ce23d288:   00007f25d787ed70 0000000000000000
0x00007f25ce23d298:   00007f25ce23d2c0 00007f25ce23d348
0x00007f25ce23d2a8:   00007f260c5a6cd1 0000000000000000
0x00007f25ce23d2b8:   00007f260c5ae618 0000000000091114
0x00007f25ce23d2c8:   00007f25d7a0bfc0 00007f25cdac1000
0x00007f25ce23d2d8:   00007f25cc7d00c0 0000000000000000
0x00007f25ce23d2e8:   0000000000000010 00007f25ce23d348
0x00007f25ce23d2f8:   00000005c6064010 00000005c5f256b0
0x00007f25ce23d308:   00007f25ce23d308 00007f25d795bf22
0x00007f25ce23d318:   00007f25ce23d3b8 00007f25d795c868
0x00007f25ce23d328:   0000000000000000 00007f25d795bf50
0x00007f25ce23d338:   00007f25ce23d2c0 00007f25ce23d378
0x00007f25ce23d348:   00007f25ce23d400 00007f260c5a6cd1
0x00007f25ce23d358:   0000000000091114 0000000000000000
0x00007f25ce23d368:   0000000000000010 0000000000000000
0x00007f25ce23d378:   0000000000091114 00007f260c5a67c0
0x00007f25ce23d388:   00007f25cdac1000 00000005c6276798
0x00007f25ce23d398:   0000000000000000 00007f25ce23d400 

Instructions: (pc=0x00007f26210fbc45)
0x00007f26210fbc25:   48 89 74 d1 08 48 83 c2 01 75 f0 49 f7 c0 01 00
0x00007f26210fbc35:   00 00 74 06 8b 70 08 89 71 08 c3 48 8b 74 d0 e8
0x00007f26210fbc45:   48 89 74 d1 e8 48 8b 74 d0 f0 48 89 74 d1 f0 48
0x00007f26210fbc55:   8b 74 d0 f8 48 89 74 d1 f8 48 8b 34 d0 48 89 34 

Register to memory mapping:

RAX=0x00000005c60f5128 is an oop
