#
# A fatal error has been detected by the Java Runtime Environment:
#
#  SIGBUS (0x7) at pc=0x00007f42dab544c6, pid=31167, tid=139921699792640
#
# JRE version: Java(TM) SE Runtime Environment (8.0_73-b02) (build 1.8.0_73-b02)
# Java VM: Java HotSpot(TM) 64-Bit Server VM (25.73-b02 mixed mode linux-amd64 compressed oops)
# Problematic frame:
# C  [libc.so.6+0x14d4c6]
#
# Failed to write core dump. Core dumps have been disabled. To enable core dumping, try "ulimit -c unlimited" before starting Java again
#
# If you would like to submit a bug report, please visit:
#   http://bugreport.java.com/bugreport/crash.jsp
#

---------------  T H R E A D  ---------------

Current thread (0x00007f42d443a000):  JavaThread "*** Profiler Agent Special Execution Thread 6" daemon [_thread_in_vm, id=31204, stack(0x00007f420f266000,0x00007f420f367000)]

siginfo: si_signo: 7 (SIGBUS), si_code: 2 (BUS_ADRERR), si_addr: 0x00007f420ebed000

Registers:
RAX=0x00007f420ebed000, RBX=0x00007f42d443a000, RCX=0x00000000000c2157, RDX=0x00000000000c2157
RSP=0x00007f420f365428, RBP=0x00007f420f365480, RSI=0x00000000ee65c4b0, RDI=0x00007f420ebed000
R8 =0x0000000000000000, R9 =0x00007f420ebed000, R10=0x00007f42c5015ac8, R11=0x00007f42da3e0ca0
R12=0x00007f420f365578, R13=0x0000000000000000, R14=0x00007f42da9d80e0, R15=0x00007f42da9dc640
RIP=0x00007f42dab544c6, EFLAGS=0x0000000000010283, CSGSFS=0x0000000000000033, ERR=0x0000000000000006
  TRAPNO=0x000000000000000e

Top of Stack: (sp=0x00007f420f365428)
0x00007f420f365428:   00007f42da4b4cbf 00007f420ebed000
0x00007f420f365438:   0000000000000010 00007f42d443a000
0x00007f420f365448:   00007f42da2d1781 00007f42bce12d70
0x00007f420f365458:   00007f42bce12d70 0000000000000000
0x00007f420f365468:   00007f42bce12d70 00007f420f365580
0x00007f420f365478:   00007f42d443a000 00007f420f365520
0x00007f420f365488:   00007f42c5015af4 00000000000c2157
0x00007f420f365498:   00007f42d443a000 00007f42d443a000
0x00007f420f3654a8:   00007f42d41c4bc0 00007f42bce12d70
0x00007f420f3654b8:   0000000000000000 00007f420f365520
0x00007f420f3654c8:   00007f42c5015879 00007f42d443a000
0x00007f420f3654d8:   00007f42c5015842 00007f420f3654e0
0x00007f420f3654e8:   00007f42bce12d70 00007f420f365580
0x00007f420f3654f8:   00007f42bce40008 0000000000000000
0x00007f420f365508:   00007f42bce12d70 0000000000000000
0x00007f420f365518:   00007f420f365540 00007f420f3655c8
0x00007f420f365528:   00007f42c5007cd1 0000000000000000
0x00007f420f365538:   00007f42c500f618 00000000000c2157
0x00007f420f365548:   00007f42bcf9ffc0 00007f420ebed000
0x00007f420f365558:   00007f420d8e44a0 0000000000000000
0x00007f420f365568:   0000000000000010 00007f420f3655c8
0x00007f420f365578:   00000000ee65c4a0 00000000ee5513d0
0x00007f420f365588:   00007f420f365588 00007f42bceeff22
0x00007f420f365598:   00007f420f365638 00007f42bcef0868
0x00007f420f3655a8:   0000000000000000 00007f42bceeff50
0x00007f420f3655b8:   00007f420f365540 00007f420f3655f8
0x00007f420f3655c8:   00007f420f365680 00007f42c5007cd1
0x00007f420f3655d8:   00000000000c2157 0000000000000000
0x00007f420f3655e8:   0000000000000010 0000000000000000
0x00007f420f3655f8:   00000000000c2157 00007f42c50077c0
0x00007f420f365608:   00007f420ebed000 00000000eeb36f08
0x00007f420f365618:   0000000000000000 00007f420f365680 

Instructions: (pc=0x00007f42dab544c6)
0x00007f42dab544a6:   c0 c3 0f 1f 84 00 00 00 00 00 48 8b 0d 81 6d 27
0x00007f42dab544b6:   00 48 c1 e1 03 48 39 ca 73 10 48 89 d1 48 89 d1
0x00007f42dab544c6:   f3 a4 c3 0f 1f 80 00 00 00 00 48 8d 0c 16 c5 fe
0x00007f42dab544d6:   6f 26 c5 fa 6f 6c 16 80 c5 fa 6f 71 90 c5 fa 6f 

Register to memory mapping:

RAX=0x00007f420ebed000 is pointing into the stack for thread: 0x00007f41f0003000
RBX=0x00007f42d443a000 is a thread
RCX=0x00000000000c2157 is an unknown value
RDX=0x00000000000c2157 is an unknown value
RSP=0x00007f420f365428 is pointing into the stack for thread: 0x00007f42d443a000
RBP=0x00007f420f365480 is pointing into the stack for thread: 0x00007f42d443a000
RSI=0x00000000ee65c4b0 is pointing into object: 0x00000000ee65c4a0
[B 
 - klass: {type array byte}
 - length: 1200000
RDI=0x00007f420ebed000 is pointing into the stack for thread: 0x00007f41f0003000
R8 =0x0000000000000000 is an unknown value
R9 =0x00007f420ebed000 is pointing into the stack for thread: 0x00007f41f0003000
R10=0x00007f42c5015ac8 is at code_begin+808 in an Interpreter codelet
method entry point (kind = native)  [0x00007f42c50157a0, 0x00007f42c50160a0]  2304 bytes
R11=0x00007f42da3e0ca0: <offset 0x9b9ca0> in /home/sheik005/jdk1.8.0_73/jre/lib/amd64/server/libjvm.so at 0x00007f42d9a27000
R12=0x00007f420f365578 is pointing into the stack for thread: 0x00007f42d443a000
R13=0x0000000000000000 is an unknown value
R14=0x00007f42da9d80e0: <offset 0xfb10e0> in /home/sheik005/jdk1.8.0_73/jre/lib/amd64/server/libjvm.so at 0x00007f42d9a27000
R15=0x00007f42da9dc640: <offset 0xfb5640> in /home/sheik005/jdk1.8.0_73/jre/lib/amd64/server/libjvm.so at 0x00007f42d9a27000


Stack: [0x00007f420f266000,0x00007f420f367000],  sp=0x00007f420f365428,  free space=1021k
Native frames: (J=compiled Java code, j=interpreted, Vv=VM code, C=native code)
C  [libc.so.6+0x14d4c6]
j  sun.misc.Unsafe.copyMemory(Ljava/lang/Object;JLjava/lang/Object;JJ)V+0
j  java.nio.Bits.copyFromArray(Ljava/lang/Object;JJJJ)V+42
j  java.nio.DirectByteBuffer.put([BII)Ljava/nio/ByteBuffer;+101
j  org.netbeans.lib.profiler.server.EventBufferManager.eventBufferDumpHook([BII)V+77
j  org.netbeans.lib.profiler.server.ProfilerInterface$1.handleEventBufferDump([BII)V+19
j  org.netbeans.lib.profiler.server.ProfilerRuntime.dumpEventBuffer()V+213
j  org.netbeans.lib.profiler.server.ProfilerInterface.dumpExistingResults(Z)V+31
j  org.netbeans.lib.profiler.server.ProfilerServer$SeparateCmdExecutionThread.run()V+128
v  ~StubRoutines::call_stub
V  [libjvm.so+0x68c656]  JavaCalls::call_helper(JavaValue*, methodHandle*, JavaCallArguments*, Thread*)+0x1056
V  [libjvm.so+0x68cb61]  JavaCalls::call_virtual(JavaValue*, KlassHandle, Symbol*, Symbol*, JavaCallArguments*, Thread*)+0x321
V  [libjvm.so+0x68d007]  JavaCalls::call_virtual(JavaValue*, Handle, KlassHandle, Symbol*, Symbol*, Thread*)+0x47
V  [libjvm.so+0x723dc0]  thread_entry(JavaThread*, Thread*)+0xa0
V  [libjvm.so+0xa69cff]  JavaThread::thread_main_inner()+0xdf
V  [libjvm.so+0xa69e2c]  JavaThread::run()+0x11c
V  [libjvm.so+0x91d918]  java_start(Thread*)+0x108
C  [libpthread.so.0+0x76aa]  start_thread+0xca

Java frames: (J=compiled Java code, j=interpreted, Vv=VM code)
j  sun.misc.Unsafe.copyMemory(Ljava/lang/Object;JLjava/lang/Object;JJ)V+0
j  java.nio.Bits.copyFromArray(Ljava/lang/Object;JJJJ)V+42
j  java.nio.DirectByteBuffer.put([BII)Ljava/nio/ByteBuffer;+101
j  org.netbeans.lib.profiler.server.EventBufferManager.eventBufferDumpHook([BII)V+77
j  org.netbeans.lib.profiler.server.ProfilerInterface$1.handleEventBufferDump([BII)V+19
j  org.netbeans.lib.profiler.server.ProfilerRuntime.dumpEventBuffer()V+213
j  org.netbeans.lib.profiler.server.ProfilerInterface.dumpExistingResults(Z)V+31
j  org.netbeans.lib.profiler.server.ProfilerServer$SeparateCmdExecutionThread.run()V+128
v  ~StubRoutines::call_stub

---------------  P R O C E S S  ---------------

Java Threads: ( => current thread )
  0x00007f42d45f6800 JavaThread "Service Thread" daemon [_thread_blocked, id=31225, stack(0x00007f420dbdd000,0x00007f420dcde000)]
  0x00007f42d45f4000 JavaThread "C1 CompilerThread14" daemon [_thread_blocked, id=31224, stack(0x00007f420dcde000,0x00007f420dddf000)]
  0x00007f42d45f2000 JavaThread "C1 CompilerThread13" daemon [_thread_blocked, id=31223, stack(0x00007f420dddf000,0x00007f420dee0000)]
  0x00007f42d45f0000 JavaThread "C1 CompilerThread12" daemon [_thread_blocked, id=31222, stack(0x00007f420dee0000,0x00007f420dfe1000)]
  0x00007f42d45ee000 JavaThread "C1 CompilerThread11" daemon [_thread_blocked, id=31221, stack(0x00007f420dfe1000,0x00007f420e0e2000)]
  0x00007f42d45ec000 JavaThread "C1 CompilerThread10" daemon [_thread_blocked, id=31220, stack(0x00007f420e0e2000,0x00007f420e1e3000)]
  0x00007f42d45ea000 JavaThread "C2 CompilerThread9" daemon [_thread_blocked, id=31219, stack(0x00007f420e1e3000,0x00007f420e2e4000)]
  0x00007f42d45e8000 JavaThread "C2 CompilerThread8" daemon [_thread_blocked, id=31218, stack(0x00007f420e2e4000,0x00007f420e3e5000)]
  0x00007f42d45e6000 JavaThread "C2 CompilerThread7" daemon [_thread_blocked, id=31217, stack(0x00007f420e3e5000,0x00007f420e4e6000)]
  0x00007f42d45e4000 JavaThread "C2 CompilerThread6" daemon [_thread_blocked, id=31216, stack(0x00007f420e4e6000,0x00007f420e5e7000)]
  0x00007f42d45e2000 JavaThread "C2 CompilerThread5" daemon [_thread_blocked, id=31215, stack(0x00007f420e5e7000,0x00007f420e6e8000)]
  0x00007f42d45e0000 JavaThread "C2 CompilerThread4" daemon [_thread_blocked, id=31214, stack(0x00007f420e6e8000,0x00007f420e7e9000)]
  0x00007f42d4437800 JavaThread "C2 CompilerThread3" daemon [_thread_blocked, id=31213, stack(0x00007f420e7e9000,0x00007f420e8ea000)]
  0x00007f42d4435800 JavaThread "C2 CompilerThread2" daemon [_thread_blocked, id=31212, stack(0x00007f420e8ea000,0x00007f420e9eb000)]
  0x00007f42d4433000 JavaThread "C2 CompilerThread1" daemon [_thread_blocked, id=31211, stack(0x00007f420e9eb000,0x00007f420eaec000)]
  0x00007f42d4432000 JavaThread "C2 CompilerThread0" daemon [_thread_blocked, id=31210, stack(0x00007f420ed4b000,0x00007f420ee4c000)]
  0x00007f41f0003000 JavaThread "*** Profiler Agent Special Execution Thread 10" daemon [_thread_blocked, id=31209, stack(0x00007f420eaec000,0x00007f420ebed000)]
  0x00007f420021b800 JavaThread "process reaper" daemon [_thread_blocked, id=31207, stack(0x00007f420ed12000,0x00007f420ed4b000)]
=>0x00007f42d443a000 JavaThread "*** Profiler Agent Special Execution Thread 6" daemon [_thread_in_vm, id=31204, stack(0x00007f420f266000,0x00007f420f367000)]
  0x00007f42d41c5000 JavaThread "*** JFluid Monitor thread ***" daemon [_thread_blocked, id=31203, stack(0x00007f420f367000,0x00007f420f468000)]
  0x00007f42d4428000 JavaThread "*** Profiler Agent Communication Thread" daemon [_thread_in_native, id=31201, stack(0x00007f420f980000,0x00007f420fa81000)]
  0x00007f42d41a3000 JavaThread "Signal Dispatcher" daemon [_thread_blocked, id=31200, stack(0x00007f421c0b0000,0x00007f421c1b1000)]
  0x00007f42d40c0800 JavaThread "Finalizer" daemon [_thread_blocked, id=31199, stack(0x00007f421c1b1000,0x00007f421c2b2000)]
  0x00007f42d40bd000 JavaThread "Reference Handler" daemon [_thread_blocked, id=31198, stack(0x00007f421c2b2000,0x00007f421c3b3000)]
  0x00007f42d400b000 JavaThread "main" [_thread_in_vm, id=31172, stack(0x00007f42db50c000,0x00007f42db60d000)]

Other Threads:
  0x00007f42d40a1800 VMThread [stack: 0x00007f421c3b3000,0x00007f421c4b4000] [id=31197]
  0x00007f42d4610000 WatcherThread [stack: 0x00007f420dadc000,0x00007f420dbdd000] [id=31226]

VM state:not at safepoint (normal execution)

VM Mutex/Monitor currently owned by a thread: None

Heap:
 PSYoungGen      total 1136640K, used 51841K [0x0000000580100000, 0x00000005cac00000, 0x0000000800000000)
  eden space 1049600K, 4% used [0x0000000580100000,0x00000005833a04b0,0x00000005c0200000)
  from space 87040K, 0% used [0x00000005c5700000,0x00000005c5700000,0x00000005cac00000)
  to   space 87040K, 86% used [0x00000005c0200000,0x00000005c4bd80a8,0x00000005c5700000)
 ParOldGen       total 3109376K, used 1814366K [0x0000000080200000, 0x000000013de80000, 0x0000000580100000)
  object space 3109376K, 58% used [0x0000000080200000,0x00000000eedd7b38,0x000000013de80000)
 Metaspace       used 9314K, capacity 9536K, committed 9728K, reserved 1058816K
  class space    used 1118K, capacity 1202K, committed 1280K, reserved 1048576K

Card table byte_map: [0x00007f42c1400000,0x00007f42c5000000] byte_map_base: 0x00007f42c0fff000

Marking Bits: (ParMarkBitMap*) 0x00007f42da9dc100
 Begin Bits: [0x00007f4228010000, 0x00007f4246008000)
 End Bits:   [0x00007f4246008000, 0x00007f4264000000)

Polling page: 0x00007f42db629000

CodeCache: size=245760Kb used=4722Kb max_used=4722Kb free=241037Kb
 bounds [0x00007f42c5000000, 0x00007f42c54a0000, 0x00007f42d4000000]
 total_blobs=968 nmethods=601 adapters=277
 compilation: enabled

Compilation events (10 events):
Event: 2.582 Thread 0x00007f42d45ec000  621       3       java.lang.ref.Reference::clear (6 bytes)
Event: 2.582 Thread 0x00007f42d45ec000 nmethod 621 0x00007f42c549bd50 code [0x00007f42c549bea0, 0x00007f42c549c010]
Event: 2.582 Thread 0x00007f42d45ec000  622       3       java.util.zip.ZipFile$ZipFileInputStream::finalize (5 bytes)
Event: 2.582 Thread 0x00007f42d45ec000 nmethod 622 0x00007f42c549c090 code [0x00007f42c549c200, 0x00007f42c549c3a8]
Event: 6.238 Thread 0x00007f42d45ec000  623       3       java.util.Vector::elementData (7 bytes)
Event: 6.239 Thread 0x00007f42d45ec000 nmethod 623 0x00007f42c549c450 code [0x00007f42c549c5c0, 0x00007f42c549c750]
Event: 8.945 Thread 0x00007f42d45f0000  625       3       org.netbeans.lib.profiler.server.Monitors$ThreadDataTable::getPosIndex (46 bytes)
Event: 8.945 Thread 0x00007f42d45ee000  624       3       org.netbeans.lib.profiler.server.Monitors$ThreadDataTable::put (149 bytes)
Event: 22.850 Thread 0x00007f42d45f0000 nmethod 625 0x00007f42c549c850 code [0x00007f42c549c9e0, 0x00007f42c549cd68]
Event: 22.850 Thread 0x00007f42d45ee000 nmethod 624 0x00007f42c549cf50 code [0x00007f42c549d120, 0x00007f42c549d7a8]

GC Heap History (8 events):
Event: 2.018 GC heap before
{Heap before GC invocations=1 (full 0):
 PSYoungGen      total 611840K, used 524800K [0x0000000580100000, 0x00000005aab80000, 0x0000000800000000)
  eden space 524800K, 100% used [0x0000000580100000,0x00000005a0180000,0x00000005a0180000)
  from space 87040K, 0% used [0x00000005a5680000,0x00000005a5680000,0x00000005aab80000)
  to   space 87040K, 0% used [0x00000005a0180000,0x00000005a0180000,0x00000005a5680000)
 ParOldGen       total 1398272K, used 0K [0x0000000080200000, 0x00000000d5780000, 0x0000000580100000)
  object space 1398272K, 0% used [0x0000000080200000,0x0000000080200000,0x00000000d5780000)
 Metaspace       used 9288K, capacity 9536K, committed 9728K, reserved 1058816K
  class space    used 1117K, capacity 1202K, committed 1280K, reserved 1048576K
Event: 2.568 GC heap after
Heap after GC invocations=1 (full 0):
 PSYoungGen      total 611840K, used 87011K [0x0000000580100000, 0x00000005cac00000, 0x0000000800000000)
  eden space 524800K, 0% used [0x0000000580100000,0x0000000580100000,0x00000005a0180000)
  from space 87040K, 99% used [0x00000005a0180000,0x00000005a5678fa0,0x00000005a5680000)
  to   space 87040K, 0% used [0x00000005c5700000,0x00000005c5700000,0x00000005cac00000)
 ParOldGen       total 1398272K, used 307674K [0x0000000080200000, 0x00000000d5780000, 0x0000000580100000)
  object space 1398272K, 22% used [0x0000000080200000,0x0000000092e769e8,0x00000000d5780000)
 Metaspace       used 9288K, capacity 9536K, committed 9728K, reserved 1058816K
  class space    used 1117K, capacity 1202K, committed 1280K, reserved 1048576K
}
Event: 3.468 GC heap before
{Heap before GC invocations=2 (full 0):
 PSYoungGen      total 611840K, used 611811K [0x0000000580100000, 0x00000005cac00000, 0x0000000800000000)
  eden space 524800K, 100% used [0x0000000580100000,0x00000005a0180000,0x00000005a0180000)
  from space 87040K, 99% used [0x00000005a0180000,0x00000005a5678fa0,0x00000005a5680000)
  to   space 87040K, 0% used [0x00000005c5700000,0x00000005c5700000,0x00000005cac00000)
 ParOldGen       total 1398272K, used 307674K [0x0000000080200000, 0x00000000d5780000, 0x0000000580100000)
  object space 1398272K, 22% used [0x0000000080200000,0x0000000092e769e8,0x00000000d5780000)
 Metaspace       used 9300K, capacity 9536K, committed 9728K, reserved 1058816K
  class space    used 1117K, capacity 1202K, committed 1280K, reserved 1048576K
Event: 6.235 GC heap after
Heap after GC invocations=2 (full 0):
 PSYoungGen      total 1136640K, used 87011K [0x0000000580100000, 0x00000005cac00000, 0x0000000800000000)
  eden space 1049600K, 0% used [0x0000000580100000,0x0000000580100000,0x00000005c0200000)
  from space 87040K, 99% used [0x00000005c5700000,0x00000005cabf8fa0,0x00000005cac00000)
  to   space 87040K, 0% used [0x00000005c0200000,0x00000005c0200000,0x00000005c5700000)
 ParOldGen       total 1398272K, used 804906K [0x0000000080200000, 0x00000000d5780000, 0x0000000580100000)
  object space 1398272K, 57% used [0x0000000080200000,0x00000000b140a9e8,0x00000000d5780000)
 Metaspace       used 9300K, capacity 9536K, committed 9728K, reserved 1058816K
  class space    used 1117K, capacity 1202K, committed 1280K, reserved 1048576K
}
Event: 8.946 GC heap before
{Heap before GC invocations=3 (full 0):
 PSYoungGen      total 1136640K, used 1136611K [0x0000000580100000, 0x00000005cac00000, 0x0000000800000000)
  eden space 1049600K, 100% used [0x0000000580100000,0x00000005c0200000,0x00000005c0200000)
  from space 87040K, 99% used [0x00000005c5700000,0x00000005cabf8fa0,0x00000005cac00000)
  to   space 87040K, 0% used [0x00000005c0200000,0x00000005c0200000,0x00000005c5700000)
 ParOldGen       total 1398272K, used 804906K [0x0000000080200000, 0x00000000d5780000, 0x0000000580100000)
  object space 1398272K, 57% used [0x0000000080200000,0x00000000b140a9e8,0x00000000d5780000)
 Metaspace       used 9313K, capacity 9536K, committed 9728K, reserved 1058816K
  class space    used 1118K, capacity 1202K, committed 1280K, reserved 1048576K
Event: 13.670 GC heap after
Heap after GC invocations=3 (full 0):
 PSYoungGen      total 1136640K, used 1136611K [0x0000000580100000, 0x00000005cac00000, 0x0000000800000000)
  eden space 1049600K, 100% used [0x0000000580100000,0x00000005c0200000,0x00000005c0200000)
  from space 87040K, 99% used [0x00000005c5700000,0x00000005cabf8fa0,0x00000005cac00000)
  to   space 87040K, 99% used [0x00000005c0200000,0x00000005c56fcf90,0x00000005c5700000)
 ParOldGen       total 1814528K, used 1808098K [0x0000000080200000, 0x00000000eee00000, 0x0000000580100000)
  object space 1814528K, 99% used [0x0000000080200000,0x00000000ee7b8a08,0x00000000eee00000)
 Metaspace       used 9313K, capacity 9536K, committed 9728K, reserved 1058816K
  class space    used 1118K, capacity 1202K, committed 1280K, reserved 1048576K
}
Event: 13.671 GC heap before
{Heap before GC invocations=4 (full 1):
 PSYoungGen      total 1136640K, used 1136611K [0x0000000580100000, 0x00000005cac00000, 0x0000000800000000)
  eden space 1049600K, 100% used [0x0000000580100000,0x00000005c0200000,0x00000005c0200000)
  from space 87040K, 99% used [0x00000005c5700000,0x00000005cabf8fa0,0x00000005cac00000)
  to   space 87040K, 99% used [0x00000005c0200000,0x00000005c56fcf90,0x00000005c5700000)
 ParOldGen       total 1814528K, used 1808098K [0x0000000080200000, 0x00000000eee00000, 0x0000000580100000)
  object space 1814528K, 99% used [0x0000000080200000,0x00000000ee7b8a08,0x00000000eee00000)
 Metaspace       used 9313K, capacity 9536K, committed 9728K, reserved 1058816K
  class space    used 1118K, capacity 1202K, committed 1280K, reserved 1048576K
Event: 22.849 GC heap after
Heap after GC invocations=4 (full 1):
 PSYoungGen      total 1136640K, used 0K [0x0000000580100000, 0x00000005cac00000, 0x0000000800000000)
  eden space 1049600K, 0% used [0x0000000580100000,0x0000000580100000,0x00000005c0200000)
  from space 87040K, 0% used [0x00000005c5700000,0x00000005c5700000,0x00000005cac00000)
  to   space 87040K, 86% used [0x00000005c0200000,0x00000005c4bd80a8,0x00000005c5700000)
 ParOldGen       total 3109376K, used 1814366K [0x0000000080200000, 0x000000013de80000, 0x0000000580100000)
  object space 3109376K, 58% used [0x0000000080200000,0x00000000eedd7b38,0x000000013de80000)
 Metaspace       used 9313K, capacity 9536K, committed 9728K, reserved 1058816K
  class space    used 1118K, capacity 1202K, committed 1280K, reserved 1048576K
}

Deoptimization events (4 events):
Event: 1.282 Thread 0x00007f42d400b000 Uncommon trap: reason=unstable_if action=reinterpret pc=0x00007f42c53a65d4 method=java.lang.Long.valueOf(J)Ljava/lang/Long; @ 13
Event: 1.351 Thread 0x00007f42d400b000 Uncommon trap: reason=unstable_if action=reinterpret pc=0x00007f42c535623c method=java.util.HashMap.getNode(ILjava/lang/Object;)Ljava/util/HashMap$Node; @ 129
Event: 1.351 Thread 0x00007f42d400b000 Uncommon trap: reason=class_check action=maybe_recompile pc=0x00007f42c53576fc method=java.util.HashMap.putVal(ILjava/lang/Object;Ljava/lang/Object;ZZ)Ljava/lang/Object; @ 203
Event: 1.351 Thread 0x00007f42d400b000 Uncommon trap: reason=unstable_if action=reinterpret pc=0x00007f42c5358f28 method=java.util.HashMap.getNode(ILjava/lang/Object;)Ljava/util/HashMap$Node; @ 129

Internal exceptions (10 events):
Event: 0.510 Thread 0x00007f42d400b000 Exception <a 'java/lang/ArrayIndexOutOfBoundsException': 18> (0x0000000580254438) thrown at [/HUDSON3/workspace/8-2-build-linux-amd64/jdk8u73/6086/hotspot/src/share/vm/interpreter/interpreterRuntime.cpp, line 366]
Event: 0.510 Thread 0x00007f42d400b000 Exception <a 'java/lang/ArrayIndexOutOfBoundsException': 60> (0x00000005802553f0) thrown at [/HUDSON3/workspace/8-2-build-linux-amd64/jdk8u73/6086/hotspot/src/share/vm/interpreter/interpreterRuntime.cpp, line 366]
Event: 0.511 Thread 0x00007f42d400b000 Exception <a 'java/lang/ArrayIndexOutOfBoundsException': 71> (0x0000000580256cb0) thrown at [/HUDSON3/workspace/8-2-build-linux-amd64/jdk8u73/6086/hotspot/src/share/vm/interpreter/interpreterRuntime.cpp, line 366]
Event: 0.524 Thread 0x00007f42d400b000 Exception <a 'java/lang/ArrayIndexOutOfBoundsException': 38> (0x000000058027eb10) thrown at [/HUDSON3/workspace/8-2-build-linux-amd64/jdk8u73/6086/hotspot/src/share/vm/interpreter/interpreterRuntime.cpp, line 366]
Event: 0.524 Thread 0x00007f42d400b000 Exception <a 'java/lang/ArrayIndexOutOfBoundsException': 67> (0x000000058027fd78) thrown at [/HUDSON3/workspace/8-2-build-linux-amd64/jdk8u73/6086/hotspot/src/share/vm/interpreter/interpreterRuntime.cpp, line 366]
Event: 0.525 Thread 0x00007f42d400b000 Exception <a 'java/lang/ArrayIndexOutOfBoundsException': 55> (0x00000005802813a0) thrown at [/HUDSON3/workspace/8-2-build-linux-amd64/jdk8u73/6086/hotspot/src/share/vm/interpreter/interpreterRuntime.cpp, line 366]
Event: 0.536 Thread 0x00007f42d400b000 Exception <a 'java/lang/ArrayIndexOutOfBoundsException': 38> (0x00000005802a6c30) thrown at [/HUDSON3/workspace/8-2-build-linux-amd64/jdk8u73/6086/hotspot/src/share/vm/interpreter/interpreterRuntime.cpp, line 366]
Event: 0.546 Thread 0x00007f42d400b000 Exception <a 'java/lang/ArrayIndexOutOfBoundsException': 49> (0x00000005802b67d0) thrown at [/HUDSON3/workspace/8-2-build-linux-amd64/jdk8u73/6086/hotspot/src/share/vm/interpreter/interpreterRuntime.cpp, line 366]
Event: 0.905 Thread 0x00007f42d4428000 Exception <a 'java/lang/NoSuchFieldError': method resolution failed> (0x00000005816fb0a0) thrown at [/HUDSON3/workspace/8-2-build-linux-amd64/jdk8u73/6086/hotspot/src/share/vm/prims/methodHandles.cpp, line 1146]
Event: 0.910 Thread 0x00007f42d4428000 Exception <a 'java/lang/NoSuchFieldError': method resolution failed> (0x00000005817088a0) thrown at [/HUDSON3/workspace/8-2-build-linux-amd64/jdk8u73/6086/hotspot/src/share/vm/prims/methodHandles.cpp, line 1146]

Events (10 events):
Event: 8.945 Executing VM operation: GetAllStackTraces
Event: 8.945 Executing VM operation: GetAllStackTraces done
Event: 8.945 Executing VM operation: GetAllStackTraces
Event: 22.849 Executing VM operation: GetAllStackTraces done
Event: 22.849 Executing VM operation: GetAllStackTraces
Event: 22.849 Executing VM operation: GetAllStackTraces done
Event: 22.849 Executing VM operation: GetAllStackTraces
Event: 22.850 Executing VM operation: GetAllStackTraces done
Event: 22.850 Executing VM operation: GetAllStackTraces
Event: 22.850 Executing VM operation: GetAllStackTraces done


Dynamic libraries:
00400000-00401000 r-xp 00000000 00:28 23333024                           /home/sheik005/jdk1.8.0_73/bin/java
00600000-00601000 rw-p 00000000 00:28 23333024                           /home/sheik005/jdk1.8.0_73/bin/java
02098000-020b9000 rw-p 00000000 00:00 0                                  [heap]
80200000-13de80000 rw-p 00000000 00:00 0 
13de80000-580100000 ---p 00000000 00:00 0 
580100000-5cac00000 rw-p 00000000 00:00 0 
5cac00000-800000000 ---p 00000000 00:00 0 
800000000-800140000 rw-p 00000000 00:00 0 
800140000-840000000 ---p 00000000 00:00 0 
7f41b0000000-7f41b0021000 rw-p 00000000 00:00 0 
7f41b0021000-7f41b4000000 ---p 00000000 00:00 0 
7f41b4000000-7f41b4021000 rw-p 00000000 00:00 0 
7f41b4021000-7f41b8000000 ---p 00000000 00:00 0 
7f41b8000000-7f41b8021000 rw-p 00000000 00:00 0 
7f41b8021000-7f41bc000000 ---p 00000000 00:00 0 
7f41bc000000-7f41bc021000 rw-p 00000000 00:00 0 
7f41bc021000-7f41c0000000 ---p 00000000 00:00 0 
7f41c0000000-7f41c0021000 rw-p 00000000 00:00 0 
7f41c0021000-7f41c4000000 ---p 00000000 00:00 0 
7f41c4000000-7f41c4025000 rw-p 00000000 00:00 0 
7f41c4025000-7f41c8000000 ---p 00000000 00:00 0 
7f41c8000000-7f41c8286000 rw-p 00000000 00:00 0 
7f41c8286000-7f41cc000000 ---p 00000000 00:00 0 
7f41cc000000-7f41cc027000 rw-p 00000000 00:00 0 
7f41cc027000-7f41d0000000 ---p 00000000 00:00 0 
7f41d0000000-7f41d00ed000 rw-p 00000000 00:00 0 
7f41d00ed000-7f41d4000000 ---p 00000000 00:00 0 
7f41d4000000-7f41d402d000 rw-p 00000000 00:00 0 
7f41d402d000-7f41d8000000 ---p 00000000 00:00 0 
7f41d8000000-7f41d8028000 rw-p 00000000 00:00 0 
7f41d8028000-7f41dc000000 ---p 00000000 00:00 0 
7f41dc000000-7f41dc047000 rw-p 00000000 00:00 0 
7f41dc047000-7f41e0000000 ---p 00000000 00:00 0 
7f41e0000000-7f41e0065000 rw-p 00000000 00:00 0 
7f41e0065000-7f41e4000000 ---p 00000000 00:00 0 
7f41e4000000-7f41e4075000 rw-p 00000000 00:00 0 
7f41e4075000-7f41e8000000 ---p 00000000 00:00 0 
7f41e8000000-7f41e8070000 rw-p 00000000 00:00 0 
7f41e8070000-7f41ec000000 ---p 00000000 00:00 0 
7f41ec000000-7f41ec051000 rw-p 00000000 00:00 0 
7f41ec051000-7f41f0000000 ---p 00000000 00:00 0 
7f41f0000000-7f41f0085000 rw-p 00000000 00:00 0 
7f41f0085000-7f41f4000000 ---p 00000000 00:00 0 
7f41f4000000-7f41f4021000 rw-p 00000000 00:00 0 
7f41f4021000-7f41f8000000 ---p 00000000 00:00 0 
7f41f8000000-7f41f82aa000 rw-p 00000000 00:00 0 
7f41f82aa000-7f41fc000000 ---p 00000000 00:00 0 
7f41fc000000-7f41fc021000 rw-p 00000000 00:00 0 
7f41fc021000-7f4200000000 ---p 00000000 00:00 0 
7f4200000000-7f420022a000 rw-p 00000000 00:00 0 
7f420022a000-7f4204000000 ---p 00000000 00:00 0 
7f4204000000-7f4204021000 rw-p 00000000 00:00 0 
7f4204021000-7f4208000000 ---p 00000000 00:00 0 
7f4208000000-7f4208021000 rw-p 00000000 00:00 0 
7f4208021000-7f420c000000 ---p 00000000 00:00 0 
7f420d7dc000-7f420d91c000 rw-p 00000000 00:00 0 
7f420d91c000-7f420dadc000 ---p 00000000 00:00 0 
7f420dadc000-7f420dadd000 ---p 00000000 00:00 0 
7f420dadd000-7f420dbdd000 rw-p 00000000 00:00 0                          [stack:31226]
7f420dbdd000-7f420dbe0000 ---p 00000000 00:00 0 
7f420dbe0000-7f420dcde000 rw-p 00000000 00:00 0                          [stack:31225]
7f420dcde000-7f420dce1000 ---p 00000000 00:00 0 
7f420dce1000-7f420dddf000 rw-p 00000000 00:00 0                          [stack:31224]
7f420dddf000-7f420dde2000 ---p 00000000 00:00 0 
7f420dde2000-7f420dee0000 rw-p 00000000 00:00 0                          [stack:31223]
7f420dee0000-7f420dee3000 ---p 00000000 00:00 0 
7f420dee3000-7f420dfe1000 rw-p 00000000 00:00 0                          [stack:31222]
7f420dfe1000-7f420dfe4000 ---p 00000000 00:00 0 
7f420dfe4000-7f420e0e2000 rw-p 00000000 00:00 0                          [stack:31221]
7f420e0e2000-7f420e0e5000 ---p 00000000 00:00 0 
7f420e0e5000-7f420e1e3000 rw-p 00000000 00:00 0                          [stack:31220]
7f420e1e3000-7f420e1e6000 ---p 00000000 00:00 0 
7f420e1e6000-7f420e2e4000 rw-p 00000000 00:00 0                          [stack:31219]
7f420e2e4000-7f420e2e7000 ---p 00000000 00:00 0 
7f420e2e7000-7f420e3e5000 rw-p 00000000 00:00 0                          [stack:31218]
7f420e3e5000-7f420e3e8000 ---p 00000000 00:00 0 
7f420e3e8000-7f420e4e6000 rw-p 00000000 00:00 0                          [stack:31217]
7f420e4e6000-7f420e4e9000 ---p 00000000 00:00 0 
7f420e4e9000-7f420e5e7000 rw-p 00000000 00:00 0                          [stack:31216]
7f420e5e7000-7f420e5ea000 ---p 00000000 00:00 0 
7f420e5ea000-7f420e6e8000 rw-p 00000000 00:00 0                          [stack:31215]
7f420e6e8000-7f420e6eb000 ---p 00000000 00:00 0 
7f420e6eb000-7f420e7e9000 rw-p 00000000 00:00 0                          [stack:31214]
7f420e7e9000-7f420e7ec000 ---p 00000000 00:00 0 
7f420e7ec000-7f420e8ea000 rw-p 00000000 00:00 0                          [stack:31213]
7f420e8ea000-7f420e8ed000 ---p 00000000 00:00 0 
7f420e8ed000-7f420e9eb000 rw-p 00000000 00:00 0                          [stack:31212]
7f420e9eb000-7f420e9ee000 ---p 00000000 00:00 0 
7f420e9ee000-7f420eaec000 rw-p 00000000 00:00 0                          [stack:31211]
7f420eaec000-7f420eaef000 ---p 00000000 00:00 0 
7f420eaef000-7f420ebed000 rw-p 00000000 00:00 0                          [stack:31209]
7f420ebed000-7f420ed12000 rw-s 00000000 08:01 2352511                    /tmp/jfluidbuf5998381254552323011.tmp
7f420ed12000-7f420ed15000 ---p 00000000 00:00 0 
7f420ed15000-7f420ed4b000 rw-p 00000000 00:00 0                          [stack:31207]
7f420ed4b000-7f420ed4e000 ---p 00000000 00:00 0 
7f420ed4e000-7f420ee4c000 rw-p 00000000 00:00 0                          [stack:31210]
7f420ee4c000-7f420ee5d000 r-xp 00000000 00:28 23333129                   /home/sheik005/jdk1.8.0_73/jre/lib/amd64/libnio.so
7f420ee5d000-7f420f05c000 ---p 00011000 00:28 23333129                   /home/sheik005/jdk1.8.0_73/jre/lib/amd64/libnio.so
7f420f05c000-7f420f05d000 rw-p 00010000 00:28 23333129                   /home/sheik005/jdk1.8.0_73/jre/lib/amd64/libnio.so
7f420f05d000-7f420f065000 r-xp 00000000 00:28 23333140                   /home/sheik005/jdk1.8.0_73/jre/lib/amd64/libmanagement.so
7f420f065000-7f420f265000 ---p 00008000 00:28 23333140                   /home/sheik005/jdk1.8.0_73/jre/lib/amd64/libmanagement.so
7f420f265000-7f420f266000 rw-p 00008000 00:28 23333140                   /home/sheik005/jdk1.8.0_73/jre/lib/amd64/libmanagement.so
7f420f266000-7f420f269000 ---p 00000000 00:00 0 
7f420f269000-7f420f367000 rw-p 00000000 00:00 0                          [stack:31204]
7f420f367000-7f420f36a000 ---p 00000000 00:00 0 
7f420f36a000-7f420f769000 rw-p 00000000 00:00 0                          [stack:31203]
7f420f769000-7f420f77f000 r-xp 00000000 00:28 23333106                   /home/sheik005/jdk1.8.0_73/jre/lib/amd64/libnet.so
7f420f77f000-7f420f97f000 ---p 00016000 00:28 23333106                   /home/sheik005/jdk1.8.0_73/jre/lib/amd64/libnet.so
7f420f97f000-7f420f980000 rw-p 00016000 00:28 23333106                   /home/sheik005/jdk1.8.0_73/jre/lib/amd64/libnet.so
7f420f980000-7f420f983000 ---p 00000000 00:00 0 
7f420f983000-7f420fa81000 rw-p 00000000 00:00 0                          [stack:31201]
7f420fa81000-7f420facd000 r--s 00412000 00:28 22020915                   /home/sheik005/neo4j/lib/scala-reflect-2.11.7.jar
7f420facd000-7f420fb25000 r--s 00523000 00:28 22020914                   /home/sheik005/neo4j/lib/scala-library-2.11.7.jar
7f420fb25000-7f420fb71000 r--s 002e9000 00:28 22020899                   /home/sheik005/neo4j/lib/neo4j-kernel-2.3.1.jar
7f420fb71000-7f420fbba000 r--s 002f9000 00:28 22020924                   /home/sheik005/neo4j/lib/neo4j-cypher-frontend-2.3-2.3.1.jar
7f420fbba000-7f420fc65000 r--s 007aa000 00:28 22020923                   /home/sheik005/neo4j/lib/neo4j-cypher-compiler-2.3-2.3.1.jar
7f420fc65000-7f420fd37000 r--s 0091b000 00:28 22020919                   /home/sheik005/neo4j/lib/neo4j-cypher-compiler-2.2_2.11-2.2.6.jar
7f420fd37000-7f4210000000 r--p 00000000 08:01 9964488                    /usr/lib/locale/locale-archive
7f4210000000-7f4210021000 rw-p 00000000 00:00 0 
7f4210021000-7f4214000000 ---p 00000000 00:00 0 
7f4214000000-7f4214021000 rw-p 00000000 00:00 0 
7f4214021000-7f4218000000 ---p 00000000 00:00 0 
7f4218000000-7f4218502000 rw-p 00000000 00:00 0 
7f4218502000-7f421c000000 ---p 00000000 00:00 0 
7f421c005000-7f421c009000 r--s 00097000 00:28 23333050                   /home/sheik005/jdk1.8.0_73/jre/lib/jsse.jar
7f421c009000-7f421c00c000 r--s 0001a000 00:28 22020929                   /home/sheik005/neo4j/lib/server-api-2.3.1.jar
7f421c00c000-7f421c017000 r--s 0005d000 00:28 22020916                   /home/sheik005/neo4j/lib/scala-parser-combinators_2.11-1.0.4.jar
7f421c017000-7f421c01b000 r--s 00035000 00:28 22020920                   /home/sheik005/neo4j/lib/parboiled-scala_2.11-1.1.7.jar
7f421c01b000-7f421c020000 r--s 00029000 00:28 22020921                   /home/sheik005/neo4j/lib/parboiled-core-1.1.7.jar
7f421c020000-7f421c022000 r--s 00008000 00:28 22020911                   /home/sheik005/neo4j/lib/neo4j-udc-2.3.1.jar
7f421c022000-7f421c026000 r--s 0003d000 00:28 22020930                   /home/sheik005/neo4j/lib/neo4j-shell-2.3.1.jar
7f421c026000-7f421c02c000 r--s 00029000 00:28 22020900                   /home/sheik005/neo4j/lib/neo4j-primitive-collections-2.3.1.jar
7f421c02c000-7f421c031000 r--s 00035000 00:28 22020908                   /home/sheik005/neo4j/lib/neo4j-lucene-index-2.3.1.jar
7f421c031000-7f421c033000 r--s 0000f000 00:28 22020907                   /home/sheik005/neo4j/lib/neo4j-logging-2.3.1.jar
7f421c033000-7f421c035000 r--s 0000a000 00:28 22020926                   /home/sheik005/neo4j/lib/neo4j-jmx-2.3.1.jar
7f421c035000-7f421c038000 r--s 0001d000 00:28 22020903                   /home/sheik005/neo4j/lib/neo4j-io-2.3.1.jar
7f421c038000-7f421c03c000 r--s 00029000 00:28 22020910                   /home/sheik005/neo4j/lib/neo4j-graph-algo-2.3.1.jar
7f421c03c000-7f421c053000 r--s 000ff000 00:28 22020913                   /home/sheik005/neo4j/lib/neo4j-cypher-2.3.1.jar
7f421c053000-7f421c06c000 r--s 0015f000 00:28 22020909                   /home/sheik005/neo4j/lib/lucene-core-3.6.2.jar
7f421c06c000-7f421c0b0000 r--s 00296000 00:28 22020918                   /home/sheik005/neo4j/lib/neo4j-cypher-compiler-1.9_2.11-2.0.5.jar
7f421c0b0000-7f421c0b3000 ---p 00000000 00:00 0 
7f421c0b3000-7f421c1b1000 rw-p 00000000 00:00 0                          [stack:31200]
7f421c1b1000-7f421c1b4000 ---p 00000000 00:00 0 
7f421c1b4000-7f421c2b2000 rw-p 00000000 00:00 0                          [stack:31199]
7f421c2b2000-7f421c2b5000 ---p 00000000 00:00 0 
7f421c2b5000-7f421c3b3000 rw-p 00000000 00:00 0                          [stack:31198]
7f421c3b3000-7f421c3b4000 ---p 00000000 00:00 0 
7f421c3b4000-7f4224000000 rw-p 00000000 00:00 0                          [stack:31197]
7f4224000000-7f4224021000 rw-p 00000000 00:00 0 
7f4224021000-7f4228000000 ---p 00000000 00:00 0 
7f4228000000-7f4228001000 rw-p 00000000 00:00 0 
7f4228001000-7f4228003000 r--s 0000c000 00:28 22020912                   /home/sheik005/neo4j/lib/neo4j-graph-matching-2.3.1.jar
7f4228003000-7f4228007000 r--s 0000d000 00:28 22020902                   /home/sheik005/neo4j/lib/neo4j-function-2.3.1.jar
7f4228007000-7f4228010000 r--s 00048000 00:28 22020928                   /home/sheik005/neo4j/lib/neo4j-consistency-check-legacy-2.3.1.jar
7f4228010000-7f4264000000 rw-p 00000000 00:00 0 
7f4264000000-7f4264021000 rw-p 00000000 00:00 0 
7f4264021000-7f4268000000 ---p 00000000 00:00 0 
7f4268000000-7f4268021000 rw-p 00000000 00:00 0 
7f4268021000-7f426c000000 ---p 00000000 00:00 0 
7f426c000000-7f426c021000 rw-p 00000000 00:00 0 
7f426c021000-7f4270000000 ---p 00000000 00:00 0 
7f4270000000-7f4270021000 rw-p 00000000 00:00 0 
7f4270021000-7f4274000000 ---p 00000000 00:00 0 
7f4274000000-7f4274021000 rw-p 00000000 00:00 0 
7f4274021000-7f4278000000 ---p 00000000 00:00 0 
7f4278000000-7f4278021000 rw-p 00000000 00:00 0 
7f4278021000-7f427c000000 ---p 00000000 00:00 0 
7f427c000000-7f427c021000 rw-p 00000000 00:00 0 
7f427c021000-7f4280000000 ---p 00000000 00:00 0 
7f4280000000-7f4280021000 rw-p 00000000 00:00 0 
7f4280021000-7f4284000000 ---p 00000000 00:00 0 
7f4284000000-7f4284021000 rw-p 00000000 00:00 0 
7f4284021000-7f4288000000 ---p 00000000 00:00 0 
7f4288000000-7f4288021000 rw-p 00000000 00:00 0 
7f4288021000-7f428c000000 ---p 00000000 00:00 0 
7f428c000000-7f428c021000 rw-p 00000000 00:00 0 
7f428c021000-7f4290000000 ---p 00000000 00:00 0 
7f4290000000-7f429017f000 rw-p 00000000 00:00 0 
7f429017f000-7f4294000000 ---p 00000000 00:00 0 
7f4294000000-7f4294021000 rw-p 00000000 00:00 0 
7f4294021000-7f4298000000 ---p 00000000 00:00 0 
7f4298000000-7f4298021000 rw-p 00000000 00:00 0 
7f4298021000-7f429c000000 ---p 00000000 00:00 0 
7f429c000000-7f429c021000 rw-p 00000000 00:00 0 
7f429c021000-7f42a0000000 ---p 00000000 00:00 0 
7f42a0000000-7f42a0021000 rw-p 00000000 00:00 0 
7f42a0021000-7f42a4000000 ---p 00000000 00:00 0 
7f42a4000000-7f42a4021000 rw-p 00000000 00:00 0 
7f42a4021000-7f42a8000000 ---p 00000000 00:00 0 
7f42a8000000-7f42aa0f3000 rw-p 00000000 00:00 0 
7f42aa0f3000-7f42ac000000 ---p 00000000 00:00 0 
7f42ac000000-7f42ac021000 rw-p 00000000 00:00 0 
7f42ac021000-7f42b0000000 ---p 00000000 00:00 0 
7f42b0000000-7f42b00cc000 rw-p 00000000 00:00 0 
7f42b00cc000-7f42b4000000 ---p 00000000 00:00 0 
7f42b4000000-7f42b4021000 rw-p 00000000 00:00 0 
7f42b4021000-7f42b8000000 ---p 00000000 00:00 0 
7f42b8000000-7f42b8021000 rw-p 00000000 00:00 0 
7f42b8021000-7f42bc000000 ---p 00000000 00:00 0 
7f42bc000000-7f42bc001000 rw-p 00000000 00:00 0 
7f42bc001000-7f42bc003000 r--s 0000f000 00:28 22020905                   /home/sheik005/neo4j/lib/neo4j-csv-2.3.1.jar
7f42bc003000-7f42bc00c000 r--s 00052000 00:28 22020927                   /home/sheik005/neo4j/lib/neo4j-consistency-check-2.3.1.jar
7f42bc00c000-7f42bcbbc000 rw-p 00000000 00:00 0 
7f42bcbbc000-7f42bcd94000 r--s 03d23000 00:28 23333098                   /home/sheik005/jdk1.8.0_73/jre/lib/rt.jar
7f42bcd94000-7f42bd7ec000 rw-p 00000000 00:00 0 
7f42bd7ec000-7f42bd7ed000 ---p 00000000 00:00 0 
7f42bd7ed000-7f42bd8ed000 rw-p 00000000 00:00 0                          [stack:31196]
7f42bd8ed000-7f42bd8ee000 ---p 00000000 00:00 0 
7f42bd8ee000-7f42bd9ee000 rw-p 00000000 00:00 0                          [stack:31195]
7f42bd9ee000-7f42bd9ef000 ---p 00000000 00:00 0 
7f42bd9ef000-7f42bdaef000 rw-p 00000000 00:00 0                          [stack:31194]
7f42bdaef000-7f42bdaf0000 ---p 00000000 00:00 0 
7f42bdaf0000-7f42bdbf0000 rw-p 00000000 00:00 0                          [stack:31193]
7f42bdbf0000-7f42bdbf1000 ---p 00000000 00:00 0 
7f42bdbf1000-7f42bdcf1000 rw-p 00000000 00:00 0                          [stack:31192]
7f42bdcf1000-7f42bdcf2000 ---p 00000000 00:00 0 
7f42bdcf2000-7f42bddf2000 rw-p 00000000 00:00 0                          [stack:31191]
7f42bddf2000-7f42bddf3000 ---p 00000000 00:00 0 
7f42bddf3000-7f42bdef3000 rw-p 00000000 00:00 0                          [stack:31190]
7f42bdef3000-7f42bdef4000 ---p 00000000 00:00 0 
7f42bdef4000-7f42bdff4000 rw-p 00000000 00:00 0                          [stack:31189]
7f42bdff4000-7f42bdff5000 ---p 00000000 00:00 0 
7f42bdff5000-7f42be0f5000 rw-p 00000000 00:00 0                          [stack:31188]
7f42be0f5000-7f42be0f6000 ---p 00000000 00:00 0 
7f42be0f6000-7f42be1f6000 rw-p 00000000 00:00 0                          [stack:31187]
7f42be1f6000-7f42be1f7000 ---p 00000000 00:00 0 
7f42be1f7000-7f42be2f7000 rw-p 00000000 00:00 0                          [stack:31185]
7f42be2f7000-7f42be2f8000 ---p 00000000 00:00 0 
7f42be2f8000-7f42be3f8000 rw-p 00000000 00:00 0                          [stack:31184]
7f42be3f8000-7f42be3f9000 ---p 00000000 00:00 0 
7f42be3f9000-7f42be4f9000 rw-p 00000000 00:00 0                          [stack:31183]
7f42be4f9000-7f42be4fa000 ---p 00000000 00:00 0 
7f42be4fa000-7f42be5fa000 rw-p 00000000 00:00 0                          [stack:31182]
7f42be5fa000-7f42be5fb000 ---p 00000000 00:00 0 
7f42be5fb000-7f42be6fb000 rw-p 00000000 00:00 0                          [stack:31181]
7f42be6fb000-7f42be6fc000 ---p 00000000 00:00 0 
7f42be6fc000-7f42be7fc000 rw-p 00000000 00:00 0                          [stack:31180]
7f42be7fc000-7f42be7fd000 ---p 00000000 00:00 0 
7f42be7fd000-7f42be8fd000 rw-p 00000000 00:00 0                          [stack:31179]
7f42be8fd000-7f42be8fe000 ---p 00000000 00:00 0 
7f42be8fe000-7f42be9fe000 rw-p 00000000 00:00 0                          [stack:31178]
7f42be9fe000-7f42be9ff000 ---p 00000000 00:00 0 
7f42be9ff000-7f42beaff000 rw-p 00000000 00:00 0                          [stack:31177]
7f42beaff000-7f42beb00000 ---p 00000000 00:00 0 
7f42beb00000-7f42bf1ef000 rw-p 00000000 00:00 0                          [stack:31176]
7f42bf1ef000-7f42c1400000 ---p 00000000 00:00 0 
7f42c1400000-7f42c19ef000 rw-p 00000000 00:00 0 
7f42c19ef000-7f42c3bff000 ---p 00000000 00:00 0 
7f42c3bff000-7f42c3e55000 rw-p 00000000 00:00 0 
7f42c3e55000-7f42c4fff000 ---p 00000000 00:00 0 
7f42c4fff000-7f42c5000000 rw-p 00000000 00:00 0 
7f42c5000000-7f42c54a0000 rwxp 00000000 00:00 0 
7f42c54a0000-7f42d4000000 ---p 00000000 00:00 0 
7f42d4000000-7f42d48c3000 rw-p 00000000 00:00 0 
7f42d48c3000-7f42d8000000 ---p 00000000 00:00 0 
7f42d8000000-7f42d8001000 r--s 00004000 00:28 22020925                   /home/sheik005/neo4j/lib/opencsv-2.3.jar
7f42d8001000-7f42d80da000 rw-p 00000000 00:00 0 
7f42d80da000-7f42d80db000 ---p 00000000 00:00 0 
7f42d80db000-7f42d81db000 rw-p 00000000 00:00 0                          [stack:31175]
7f42d81db000-7f42d81dc000 ---p 00000000 00:00 0 
7f42d81dc000-7f42d82dc000 rw-p 00000000 00:00 0                          [stack:31174]
7f42d82dc000-7f42d82dd000 ---p 00000000 00:00 0 
7f42d82dd000-7f42d83f0000 rw-p 00000000 00:00 0                          [stack:31173]
7f42d83f0000-7f42d879d000 ---p 00000000 00:00 0 
7f42d879d000-7f42d87b7000 r-xp 00000000 00:28 23333127                   /home/sheik005/jdk1.8.0_73/jre/lib/amd64/libzip.so
7f42d87b7000-7f42d89b7000 ---p 0001a000 00:28 23333127                   /home/sheik005/jdk1.8.0_73/jre/lib/amd64/libzip.so
7f42d89b7000-7f42d89b8000 rw-p 0001a000 00:28 23333127                   /home/sheik005/jdk1.8.0_73/jre/lib/amd64/libzip.so
7f42d89b8000-7f42d89ba000 r-xp 00000000 08:01 35                         /usr/lib/x86_64-linux-gnu/samba/libwinbind-client.so.0
7f42d89ba000-7f42d8bb9000 ---p 00002000 08:01 35                         /usr/lib/x86_64-linux-gnu/samba/libwinbind-client.so.0
7f42d8bb9000-7f42d8bba000 r--p 00001000 08:01 35                         /usr/lib/x86_64-linux-gnu/samba/libwinbind-client.so.0
7f42d8bba000-7f42d8bbb000 rw-p 00002000 08:01 35                         /usr/lib/x86_64-linux-gnu/samba/libwinbind-client.so.0
7f42d8bbb000-7f42d8bbf000 r-xp 00000000 08:01 7473359                    /lib/x86_64-linux-gnu/libnss_winbind.so.2
7f42d8bbf000-7f42d8dbe000 ---p 00004000 08:01 7473359                    /lib/x86_64-linux-gnu/libnss_winbind.so.2
7f42d8dbe000-7f42d8dbf000 r--p 00003000 08:01 7473359                    /lib/x86_64-linux-gnu/libnss_winbind.so.2
7f42d8dbf000-7f42d8dc0000 rw-p 00004000 08:01 7473359                    /lib/x86_64-linux-gnu/libnss_winbind.so.2
7f42d8dc0000-7f42d8dc5000 rw-p 00000000 00:00 0 
7f42d8dc5000-7f42d8dd1000 r-xp 00000000 08:01 7475001                    /lib/x86_64-linux-gnu/libnss_files-2.21.so
7f42d8dd1000-7f42d8fd0000 ---p 0000c000 08:01 7475001                    /lib/x86_64-linux-gnu/libnss_files-2.21.so
7f42d8fd0000-7f42d8fd1000 r--p 0000b000 08:01 7475001                    /lib/x86_64-linux-gnu/libnss_files-2.21.so
7f42d8fd1000-7f42d8fd2000 rw-p 0000c000 08:01 7475001                    /lib/x86_64-linux-gnu/libnss_files-2.21.so
7f42d8fd2000-7f42d8fdb000 r-xp 00000000 00:28 24383729                   /home/sheik005/netbeans-8.0.2/profiler/lib/deployed/jdk16/linux-amd64/libprofilerinterface.so
7f42d8fdb000-7f42d90db000 ---p 00009000 00:28 24383729                   /home/sheik005/netbeans-8.0.2/profiler/lib/deployed/jdk16/linux-amd64/libprofilerinterface.so
7f42d90db000-7f42d90dc000 rw-p 00009000 00:28 24383729                   /home/sheik005/netbeans-8.0.2/profiler/lib/deployed/jdk16/linux-amd64/libprofilerinterface.so
7f42d90dc000-7f42d9106000 r-xp 00000000 00:28 23333153                   /home/sheik005/jdk1.8.0_73/jre/lib/amd64/libjava.so
7f42d9106000-7f42d9306000 ---p 0002a000 00:28 23333153                   /home/sheik005/jdk1.8.0_73/jre/lib/amd64/libjava.so
7f42d9306000-7f42d9308000 rw-p 0002a000 00:28 23333153                   /home/sheik005/jdk1.8.0_73/jre/lib/amd64/libjava.so
7f42d9308000-7f42d9315000 r-xp 00000000 00:28 23333107                   /home/sheik005/jdk1.8.0_73/jre/lib/amd64/libverify.so
7f42d9315000-7f42d9515000 ---p 0000d000 00:28 23333107                   /home/sheik005/jdk1.8.0_73/jre/lib/amd64/libverify.so
7f42d9515000-7f42d9517000 rw-p 0000d000 00:28 23333107                   /home/sheik005/jdk1.8.0_73/jre/lib/amd64/libverify.so
7f42d9517000-7f42d951e000 r-xp 00000000 08:01 7475008                    /lib/x86_64-linux-gnu/librt-2.21.so
7f42d951e000-7f42d971d000 ---p 00007000 08:01 7475008                    /lib/x86_64-linux-gnu/librt-2.21.so
7f42d971d000-7f42d971e000 r--p 00006000 08:01 7475008                    /lib/x86_64-linux-gnu/librt-2.21.so
7f42d971e000-7f42d971f000 rw-p 00007000 08:01 7475008                    /lib/x86_64-linux-gnu/librt-2.21.so
7f42d971f000-7f42d9826000 r-xp 00000000 08:01 7475006                    /lib/x86_64-linux-gnu/libm-2.21.so
7f42d9826000-7f42d9a25000 ---p 00107000 08:01 7475006                    /lib/x86_64-linux-gnu/libm-2.21.so
7f42d9a25000-7f42d9a26000 r--p 00106000 08:01 7475006                    /lib/x86_64-linux-gnu/libm-2.21.so
7f42d9a26000-7f42d9a27000 rw-p 00107000 08:01 7475006                    /lib/x86_64-linux-gnu/libm-2.21.so
7f42d9a27000-7f42da6e6000 r-xp 00000000 00:28 23333157                   /home/sheik005/jdk1.8.0_73/jre/lib/amd64/server/libjvm.so
7f42da6e6000-7f42da8e5000 ---p 00cbf000 00:28 23333157                   /home/sheik005/jdk1.8.0_73/jre/lib/amd64/server/libjvm.so
7f42da8e5000-7f42da9be000 rw-p 00cbe000 00:28 23333157                   /home/sheik005/jdk1.8.0_73/jre/lib/amd64/server/libjvm.so
7f42da9be000-7f42daa07000 rw-p 00000000 00:00 0 
7f42daa07000-7f42dabc7000 r-xp 00000000 08:01 7475011                    /lib/x86_64-linux-gnu/libc-2.21.so
7f42dabc7000-7f42dadc7000 ---p 001c0000 08:01 7475011                    /lib/x86_64-linux-gnu/libc-2.21.so
7f42dadc7000-7f42dadcb000 r--p 001c0000 08:01 7475011                    /lib/x86_64-linux-gnu/libc-2.21.so
7f42dadcb000-7f42dadcd000 rw-p 001c4000 08:01 7475011                    /lib/x86_64-linux-gnu/libc-2.21.so
7f42dadcd000-7f42dadd1000 rw-p 00000000 00:00 0 
7f42dadd1000-7f42dadd4000 r-xp 00000000 08:01 7474994                    /lib/x86_64-linux-gnu/libdl-2.21.so
7f42dadd4000-7f42dafd3000 ---p 00003000 08:01 7474994                    /lib/x86_64-linux-gnu/libdl-2.21.so
7f42dafd3000-7f42dafd4000 r--p 00002000 08:01 7474994                    /lib/x86_64-linux-gnu/libdl-2.21.so
7f42dafd4000-7f42dafd5000 rw-p 00003000 08:01 7474994                    /lib/x86_64-linux-gnu/libdl-2.21.so
7f42dafd5000-7f42dafea000 r-xp 00000000 00:28 23332253                   /home/sheik005/jdk1.8.0_73/lib/amd64/jli/libjli.so
7f42dafea000-7f42db1ea000 ---p 00015000 00:28 23332253                   /home/sheik005/jdk1.8.0_73/lib/amd64/jli/libjli.so
7f42db1ea000-7f42db1eb000 rw-p 00015000 00:28 23332253                   /home/sheik005/jdk1.8.0_73/lib/amd64/jli/libjli.so
7f42db1eb000-7f42db203000 r-xp 00000000 08:01 7474998                    /lib/x86_64-linux-gnu/libpthread-2.21.so
7f42db203000-7f42db403000 ---p 00018000 08:01 7474998                    /lib/x86_64-linux-gnu/libpthread-2.21.so
7f42db403000-7f42db404000 r--p 00018000 08:01 7474998                    /lib/x86_64-linux-gnu/libpthread-2.21.so
7f42db404000-7f42db405000 rw-p 00019000 08:01 7474998                    /lib/x86_64-linux-gnu/libpthread-2.21.so
7f42db405000-7f42db409000 rw-p 00000000 00:00 0 
7f42db409000-7f42db42d000 r-xp 00000000 08:01 7474997                    /lib/x86_64-linux-gnu/ld-2.21.so
7f42db42d000-7f42db42e000 r--s 00006000 00:28 22020901                   /home/sheik005/neo4j/lib/neo4j-unsafe-2.3.1.jar
7f42db42e000-7f42db432000 r--s 0001d000 00:28 22020917                   /home/sheik005/neo4j/lib/neo4j-codegen-2.3.1.jar
7f42db432000-7f42db436000 r--s 00031000 00:28 22020931                   /home/sheik005/neo4j/lib/jline-2.12.jar
7f42db436000-7f42db43a000 r--s 00019000 00:28 22020922                   /home/sheik005/neo4j/lib/concurrentlinkedhashmap-lru-1.4.2.jar
7f42db43a000-7f42db50c000 rw-p 00000000 00:00 0 
7f42db50c000-7f42db50f000 ---p 00000000 00:00 0 
7f42db50f000-7f42db611000 rw-p 00000000 00:00 0                          [stack:31172]
7f42db611000-7f42db612000 r--s 0000a000 00:28 22020932                   /home/sheik005/neo4j/lib/neo4j-import-tool-2.3.1.jar
7f42db612000-7f42db619000 r--s 0005e000 00:28 22020904                   /home/sheik005/neo4j/lib/commons-lang3-3.3.2.jar
7f42db619000-7f42db61a000 r--s 00004000 00:28 24383831                   /home/sheik005/netbeans-8.0.2/profiler/lib/jfluid-server-15.jar
7f42db61a000-7f42db61b000 r--s 00004000 00:28 24383831                   /home/sheik005/netbeans-8.0.2/profiler/lib/jfluid-server-15.jar
7f42db61b000-7f42db61f000 r--s 0005f000 00:28 24383830                   /home/sheik005/netbeans-8.0.2/profiler/lib/jfluid-server.jar
7f42db61f000-7f42db629000 rw-p 00000000 00:00 0 
7f42db629000-7f42db62a000 r--p 00000000 00:00 0 
7f42db62a000-7f42db62c000 rw-p 00000000 00:00 0 
7f42db62c000-7f42db62d000 r--p 00023000 08:01 7474997                    /lib/x86_64-linux-gnu/ld-2.21.so
7f42db62d000-7f42db62e000 rw-p 00024000 08:01 7474997                    /lib/x86_64-linux-gnu/ld-2.21.so
7f42db62e000-7f42db62f000 rw-p 00000000 00:00 0 
7ffefdbe4000-7ffefdc06000 rw-p 00000000 00:00 0                          [stack]
7ffefdc9e000-7ffefdca0000 r--p 00000000 00:00 0                          [vvar]
7ffefdca0000-7ffefdca2000 r-xp 00000000 00:00 0                          [vdso]
ffffffffff600000-ffffffffff601000 r-xp 00000000 00:00 0                  [vsyscall]

VM Arguments:
jvm_args: -Dfile.encoding=UTF-8 -agentpath:/home/sheik005/netbeans-8.0.2/profiler/lib/deployed/jdk16/linux-amd64/libprofilerinterface.so=/home/sheik005/netbeans-8.0.2/profiler/lib,5140,10 -XX:+HeapDumpOnOutOfMemoryError -XX:HeapDumpPath=/home/sheik005/pantools/nbproject/private/profiler 
java_command: pantools.Pantools build 30 /run/shm/sheik005/yeast/02 /home/sheik005/yeast/02.txt
java_class_path (initial): /home/sheik005/neo4j/lib/neo4j-cypher-compiler-1.9_2.11-2.0.5.jar:/home/sheik005/neo4j/lib/commons-lang3-3.3.2.jar:/home/sheik005/neo4j/lib/concurrentlinkedhashmap-lru-1.4.2.jar:/home/sheik005/neo4j/lib/jline-2.12.jar:/home/sheik005/neo4j/lib/lucene-core-3.6.2.jar:/home/sheik005/neo4j/lib/neo4j-codegen-2.3.1.jar:/home/sheik005/neo4j/lib/neo4j-consistency-check-2.3.1.jar:/home/sheik005/neo4j/lib/neo4j-consistency-check-legacy-2.3.1.jar:/home/sheik005/neo4j/lib/neo4j-csv-2.3.1.jar:/home/sheik005/neo4j/lib/neo4j-cypher-2.3.1.jar:/home/sheik005/neo4j/lib/neo4j-cypher-compiler-2.2_2.11-2.2.6.jar:/home/sheik005/neo4j/lib/neo4j-cypher-compiler-2.3-2.3.1.jar:/home/sheik005/neo4j/lib/neo4j-cypher-frontend-2.3-2.3.1.jar:/home/sheik005/neo4j/lib/neo4j-function-2.3.1.jar:/home/sheik005/neo4j/lib/neo4j-graph-algo-2.3.1.jar:/home/sheik005/neo4j/lib/neo4j-graph-matching-2.3.1.jar:/home/sheik005/neo4j/lib/neo4j-import-tool-2.3.1.jar:/home/sheik005/neo4j/lib/neo4j-io-2.3.1.jar:/home/sheik005/neo4j/lib/neo4j-jmx-2.3.1.jar:/home/sheik005/neo4j/lib/neo4j-kernel-2.3.1.jar:/home/sheik005/neo4j/lib/neo4j-logging-2.3.1.jar:/home/sheik005/neo4j/lib/neo4j-lucene-index-2.3.1.jar:/home/sheik005/neo4j/lib/neo4j-primitive-collections-2.3.1.jar:/home/sheik005/neo4j/lib/neo4j-shell-2.3.1.jar:/home/sheik005/neo4j/lib/neo4j-udc-2.3.1.jar:/home/sheik005/neo4j/lib/neo4j-unsafe-2.3.1.jar:/home/sheik005/neo4j/lib/opencsv-2.3.jar:/home/sheik005/neo4j/lib/parboiled-core-1.1.7.jar:/home/sheik005/neo4j/lib/parboiled-scala_2.11-1.1.7.jar:/home/sheik005/neo4j/lib/scala-library-2.11.7.jar:/home/sheik005/neo4j/lib/scala-parser-combinators_2.11-1.0.4.jar:/home/sheik005/neo4j/lib/scala-reflect-2.11.7.jar:/home/sheik005/neo4j/lib/server-api-2.3.1.jar:/home/sheik005/pantools/build/classes
Launcher Type: SUN_STANDARD

Environment Variables:
PATH=/home/sheik005/jdk1.8.0_73/bin/:/home/sheik005/kmc/:/home/sheik005/neo4j/bin:/home/sheik005/kmc/bin:/usr/local/sbin:/usr/local/bin:/usr/sbin:/usr/bin:/sbin:/bin:/usr/games:/usr/local/games
LD_LIBRARY_PATH=/home/sheik005/jdk1.7.0_75/jre/lib/amd64:/home/sheik005/jdk1.7.0_75/jre/lib/i386:
SHELL=/bin/bash
DISPLAY=localhost:10.0

Signal Handlers:
SIGSEGV: [libjvm.so+0xabafa0], sa_mask[0]=11111111011111111101111111111110, sa_flags=SA_RESTART|SA_SIGINFO
SIGBUS: [libjvm.so+0xabafa0], sa_mask[0]=11111111011111111101111111111110, sa_flags=SA_RESTART|SA_SIGINFO
SIGFPE: [libjvm.so+0x9183c0], sa_mask[0]=11111111011111111101111111111110, sa_flags=SA_RESTART|SA_SIGINFO
SIGPIPE: [libjvm.so+0x9183c0], sa_mask[0]=11111111011111111101111111111110, sa_flags=SA_RESTART|SA_SIGINFO
SIGXFSZ: [libjvm.so+0x9183c0], sa_mask[0]=11111111011111111101111111111110, sa_flags=SA_RESTART|SA_SIGINFO
SIGILL: [libjvm.so+0x9183c0], sa_mask[0]=11111111011111111101111111111110, sa_flags=SA_RESTART|SA_SIGINFO
SIGUSR1: SIG_DFL, sa_mask[0]=00000000000000000000000000000000, sa_flags=none
SIGUSR2: [libjvm.so+0x9199f0], sa_mask[0]=00100000000000000000000000000000, sa_flags=SA_RESTART|SA_SIGINFO
SIGHUP: [libjvm.so+0x91adf0], sa_mask[0]=11111111011111111101111111111110, sa_flags=SA_RESTART|SA_SIGINFO
SIGINT: SIG_IGN, sa_mask[0]=00000000000000000000000000000000, sa_flags=none
SIGTERM: [libjvm.so+0x91adf0], sa_mask[0]=11111111011111111101111111111110, sa_flags=SA_RESTART|SA_SIGINFO
SIGQUIT: [libjvm.so+0x91adf0], sa_mask[0]=11111111011111111101111111111110, sa_flags=SA_RESTART|SA_SIGINFO


---------------  S Y S T E M  ---------------

OS:DISTRIB_ID=Ubuntu
DISTRIB_RELEASE=15.04
DISTRIB_CODENAME=vivid
DISTRIB_DESCRIPTION="Ubuntu 15.04"

uname:Linux 3.19.0-51-generic #57-Ubuntu SMP Fri Feb 19 14:05:05 UTC 2016 x86_64
libc:glibc 2.21 NPTL 2.21 
rlimit: STACK 8192k, CORE 0k, NPROC 3095730, NOFILE 65536, AS infinity
load average:32.91 28.01 27.53

/proc/meminfo:
MemTotal:       792529968 kB
MemFree:        187869812 kB
MemAvailable:   384396492 kB
Buffers:          727804 kB
Cached:         193187812 kB
SwapCached:       226588 kB
Active:         450619040 kB
Inactive:       147288108 kB
Active(anon):   386945176 kB
Inactive(anon): 17098856 kB
Active(file):   63673864 kB
Inactive(file): 130189252 kB
Unevictable:          28 kB
Mlocked:              28 kB
SwapTotal:       9814012 kB
SwapFree:        9008520 kB
Dirty:               212 kB
Writeback:             0 kB
AnonPages:      403797008 kB
Mapped:           250076 kB
Shmem:             52500 kB
Slab:            3240648 kB
SReclaimable:    3001436 kB
SUnreclaim:       239212 kB
KernelStack:       18144 kB
PageTables:      1586692 kB
NFS_Unstable:          0 kB
Bounce:                0 kB
WritebackTmp:          0 kB
CommitLimit:    406078996 kB
Committed_AS:   593029880 kB
VmallocTotal:   34359738367 kB
VmallocUsed:     1918500 kB
VmallocChunk:   33948869864 kB
HardwareCorrupted:     0 kB
AnonHugePages:  154734592 kB
CmaTotal:              0 kB
CmaFree:               0 kB
HugePages_Total:       0
HugePages_Free:        0
HugePages_Rsvd:        0
HugePages_Surp:        0
Hugepagesize:       2048 kB
DirectMap4k:      793244 kB
DirectMap2M:    156385280 kB
DirectMap1G:    650117120 kB


CPU:total 32 (8 cores per cpu, 2 threads per core) family 6 model 63 stepping 2, cmov, cx8, fxsr, mmx, sse, sse2, sse3, ssse3, sse4.1, sse4.2, popcnt, avx, avx2, clmul, erms, lzcnt, ht, tsc, tscinvbit, bmi1, bmi2

/proc/cpuinfo:
processor	: 0
vendor_id	: GenuineIntel
cpu family	: 6
model		: 63
model name	: Intel(R) Xeon(R) CPU E5-2640 v3 @ 2.60GHz
stepping	: 2
microcode	: 0x25
cpu MHz		: 2799.976
cache size	: 20480 KB
physical id	: 0
siblings	: 16
core id		: 0
cpu cores	: 8
apicid		: 0
initial apicid	: 0
fpu		: yes
fpu_exception	: yes
cpuid level	: 15
wp		: yes
flags		: fpu vme de pse tsc msr pae mce cx8 apic sep mtrr pge mca cmov pat pse36 clflush dts acpi mmx fxsr sse sse2 ss ht tm pbe syscall nx pdpe1gb rdtscp lm constant_tsc arch_perfmon pebs bts rep_good nopl xtopology nonstop_tsc aperfmperf eagerfpu pni pclmulqdq dtes64 monitor ds_cpl vmx smx est tm2 ssse3 fma cx16 xtpr pdcm pcid dca sse4_1 sse4_2 x2apic movbe popcnt tsc_deadline_timer xsave avx f16c rdrand lahf_lm abm ida arat epb pln pts dtherm tpr_shadow vnmi flexpriority ept vpid fsgsbase tsc_adjust bmi1 avx2 smep bmi2 erms invpcid xsaveopt
bugs		:
bogomips	: 5199.93
clflush size	: 64
cache_alignment	: 64
address sizes	: 46 bits physical, 48 bits virtual
power management:

processor	: 1
vendor_id	: GenuineIntel
cpu family	: 6
model		: 63
model name	: Intel(R) Xeon(R) CPU E5-2640 v3 @ 2.60GHz
stepping	: 2
microcode	: 0x25
cpu MHz		: 2799.976
cache size	: 20480 KB
physical id	: 0
siblings	: 16
core id		: 1
cpu cores	: 8
apicid		: 2
initial apicid	: 2
fpu		: yes
fpu_exception	: yes
cpuid level	: 15
wp		: yes
flags		: fpu vme de pse tsc msr pae mce cx8 apic sep mtrr pge mca cmov pat pse36 clflush dts acpi mmx fxsr sse sse2 ss ht tm pbe syscall nx pdpe1gb rdtscp lm constant_tsc arch_perfmon pebs bts rep_good nopl xtopology nonstop_tsc aperfmperf eagerfpu pni pclmulqdq dtes64 monitor ds_cpl vmx smx est tm2 ssse3 fma cx16 xtpr pdcm pcid dca sse4_1 sse4_2 x2apic movbe popcnt tsc_deadline_timer xsave avx f16c rdrand lahf_lm abm ida arat epb pln pts dtherm tpr_shadow vnmi flexpriority ept vpid fsgsbase tsc_adjust bmi1 avx2 smep bmi2 erms invpcid xsaveopt
bugs		:
bogomips	: 5199.93
clflush size	: 64
cache_alignment	: 64
address sizes	: 46 bits physical, 48 bits virtual
power management:

processor	: 2
vendor_id	: GenuineIntel
cpu family	: 6
model		: 63
model name	: Intel(R) Xeon(R) CPU E5-2640 v3 @ 2.60GHz
stepping	: 2
microcode	: 0x25
cpu MHz		: 2799.976
cache size	: 20480 KB
physical id	: 0
siblings	: 16
core id		: 2
cpu cores	: 8
apicid		: 4
initial apicid	: 4
fpu		: yes
fpu_exception	: yes
cpuid level	: 15
wp		: yes
flags		: fpu vme de pse tsc msr pae mce cx8 apic sep mtrr pge mca cmov pat pse36 clflush dts acpi mmx fxsr sse sse2 ss ht tm pbe syscall nx pdpe1gb rdtscp lm constant_tsc arch_perfmon pebs bts rep_good nopl xtopology nonstop_tsc aperfmperf eagerfpu pni pclmulqdq dtes64 monitor ds_cpl vmx smx est tm2 ssse3 fma cx16 xtpr pdcm pcid dca sse4_1 sse4_2 x2apic movbe popcnt tsc_deadline_timer xsave avx f16c rdrand lahf_lm abm ida arat epb pln pts dtherm tpr_shadow vnmi flexpriority ept vpid fsgsbase tsc_adjust bmi1 avx2 smep bmi2 erms invpcid xsaveopt
bugs		:
bogomips	: 5199.93
clflush size	: 64
cache_alignment	: 64
address sizes	: 46 bits physical, 48 bits virtual
power management:

processor	: 3
vendor_id	: GenuineIntel
cpu family	: 6
model		: 63
model name	: Intel(R) Xeon(R) CPU E5-2640 v3 @ 2.60GHz
stepping	: 2
microcode	: 0x25
cpu MHz		: 2799.976
cache size	: 20480 KB
physical id	: 0
siblings	: 16
core id		: 3
cpu cores	: 8
apicid		: 6
initial apicid	: 6
fpu		: yes
fpu_exception	: yes
cpuid level	: 15
wp		: yes
flags		: fpu vme de pse tsc msr pae mce cx8 apic sep mtrr pge mca cmov pat pse36 clflush dts acpi mmx fxsr sse sse2 ss ht tm pbe syscall nx pdpe1gb rdtscp lm constant_tsc arch_perfmon pebs bts rep_good nopl xtopology nonstop_tsc aperfmperf eagerfpu pni pclmulqdq dtes64 monitor ds_cpl vmx smx est tm2 ssse3 fma cx16 xtpr pdcm pcid dca sse4_1 sse4_2 x2apic movbe popcnt tsc_deadline_timer xsave avx f16c rdrand lahf_lm abm ida arat epb pln pts dtherm tpr_shadow vnmi flexpriority ept vpid fsgsbase tsc_adjust bmi1 avx2 smep bmi2 erms invpcid xsaveopt
bugs		:
bogomips	: 5199.93
clflush size	: 64
cache_alignment	: 64
address sizes	: 46 bits physical, 48 bits virtual
power management:

processor	: 4
vendor_id	: GenuineIntel
cpu family	: 6
model		: 63
model name	: Intel(R) Xeon(R) CPU E5-2640 v3 @ 2.60GHz
stepping	: 2
microcode	: 0x25
cpu MHz		: 2799.976
cache size	: 20480 KB
physical id	: 0
siblings	: 16
core id		: 4
cpu cores	: 8
apicid		: 8
initial apicid	: 8
fpu		: yes
fpu_exception	: yes
cpuid level	: 15
wp		: yes
flags		: fpu vme de pse tsc msr pae mce cx8 apic sep mtrr pge mca cmov pat pse36 clflush dts acpi mmx fxsr sse sse2 ss ht tm pbe syscall nx pdpe1gb rdtscp lm constant_tsc arch_perfmon pebs bts rep_good nopl xtopology nonstop_tsc aperfmperf eagerfpu pni pclmulqdq dtes64 monitor ds_cpl vmx smx est tm2 ssse3 fma cx16 xtpr pdcm pcid dca sse4_1 sse4_2 x2apic movbe popcnt tsc_deadline_timer xsave avx f16c rdrand lahf_lm abm ida arat epb pln pts dtherm tpr_shadow vnmi flexpriority ept vpid fsgsbase tsc_adjust bmi1 avx2 smep bmi2 erms invpcid xsaveopt
bugs		:
bogomips	: 5199.93
clflush size	: 64
cache_alignment	: 64
address sizes	: 46 bits physical, 48 bits virtual
power management:

processor	: 5
vendor_id	: GenuineIntel
cpu family	: 6
model		: 63
model name	: Intel(R) Xeon(R) CPU E5-2640 v3 @ 2.60GHz
stepping	: 2
microcode	: 0x25
cpu MHz		: 2799.976
cache size	: 20480 KB
physical id	: 0
siblings	: 16
core id		: 5
cpu cores	: 8
apicid		: 10
initial apicid	: 10
fpu		: yes
fpu_exception	: yes
cpuid level	: 15
wp		: yes
flags		: fpu vme de pse tsc msr pae mce cx8 apic sep mtrr pge mca cmov pat pse36 clflush dts acpi mmx fxsr sse sse2 ss ht tm pbe syscall nx pdpe1gb rdtscp lm constant_tsc arch_perfmon pebs bts rep_good nopl xtopology nonstop_tsc aperfmperf eagerfpu pni pclmulqdq dtes64 monitor ds_cpl vmx smx est tm2 ssse3 fma cx16 xtpr pdcm pcid dca sse4_1 sse4_2 x2apic movbe popcnt tsc_deadline_timer xsave avx f16c rdrand lahf_lm abm ida arat epb pln pts dtherm tpr_shadow vnmi flexpriority ept vpid fsgsbase tsc_adjust bmi1 avx2 smep bmi2 erms invpcid xsaveopt
bugs		:
bogomips	: 5199.93
clflush size	: 64
cache_alignment	: 64
address sizes	: 46 bits physical, 48 bits virtual
power management:

processor	: 6
vendor_id	: GenuineIntel
cpu family	: 6
model		: 63
model name	: Intel(R) Xeon(R) CPU E5-2640 v3 @ 2.60GHz
stepping	: 2
microcode	: 0x25
cpu MHz		: 2799.976
cache size	: 20480 KB
physical id	: 0
siblings	: 16
core id		: 6
cpu cores	: 8
apicid		: 12
initial apicid	: 12
fpu		: yes
fpu_exception	: yes
cpuid level	: 15
wp		: yes
flags		: fpu vme de pse tsc msr pae mce cx8 apic sep mtrr pge mca cmov pat pse36 clflush dts acpi mmx fxsr sse sse2 ss ht tm pbe syscall nx pdpe1gb rdtscp lm constant_tsc arch_perfmon pebs bts rep_good nopl xtopology nonstop_tsc aperfmperf eagerfpu pni pclmulqdq dtes64 monitor ds_cpl vmx smx est tm2 ssse3 fma cx16 xtpr pdcm pcid dca sse4_1 sse4_2 x2apic movbe popcnt tsc_deadline_timer xsave avx f16c rdrand lahf_lm abm ida arat epb pln pts dtherm tpr_shadow vnmi flexpriority ept vpid fsgsbase tsc_adjust bmi1 avx2 smep bmi2 erms invpcid xsaveopt
bugs		:
bogomips	: 5199.93
clflush size	: 64
cache_alignment	: 64
address sizes	: 46 bits physical, 48 bits virtual
power management:

processor	: 7
vendor_id	: GenuineIntel
cpu family	: 6
model		: 63
model name	: Intel(R) Xeon(R) CPU E5-2640 v3 @ 2.60GHz
stepping	: 2
microcode	: 0x25
cpu MHz		: 2799.976
cache size	: 20480 KB
physical id	: 0
siblings	: 16
core id		: 7
cpu cores	: 8
apicid		: 14
initial apicid	: 14
fpu		: yes
fpu_exception	: yes
cpuid level	: 15
wp		: yes
flags		: fpu vme de pse tsc msr pae mce cx8 apic sep mtrr pge mca cmov pat pse36 clflush dts acpi mmx fxsr sse sse2 ss ht tm pbe syscall nx pdpe1gb rdtscp lm constant_tsc arch_perfmon pebs bts rep_good nopl xtopology nonstop_tsc aperfmperf eagerfpu pni pclmulqdq dtes64 monitor ds_cpl vmx smx est tm2 ssse3 fma cx16 xtpr pdcm pcid dca sse4_1 sse4_2 x2apic movbe popcnt tsc_deadline_timer xsave avx f16c rdrand lahf_lm abm ida arat epb pln pts dtherm tpr_shadow vnmi flexpriority ept vpid fsgsbase tsc_adjust bmi1 avx2 smep bmi2 erms invpcid xsaveopt
bugs		:
bogomips	: 5199.93
clflush size	: 64
cache_alignment	: 64
address sizes	: 46 bits physical, 48 bits virtual
power management:

processor	: 8
vendor_id	: GenuineIntel
cpu family	: 6
model		: 63
model name	: Intel(R) Xeon(R) CPU E5-2640 v3 @ 2.60GHz
stepping	: 2
microcode	: 0x25
cpu MHz		: 2799.976
cache size	: 20480 KB
physical id	: 1
siblings	: 16
core id		: 0
cpu cores	: 8
apicid		: 16
initial apicid	: 16
fpu		: yes
fpu_exception	: yes
cpuid level	: 15
wp		: yes
flags		: fpu vme de pse tsc msr pae mce cx8 apic sep mtrr pge mca cmov pat pse36 clflush dts acpi mmx fxsr sse sse2 ss ht tm pbe syscall nx pdpe1gb rdtscp lm constant_tsc arch_perfmon pebs bts rep_good nopl xtopology nonstop_tsc aperfmperf eagerfpu pni pclmulqdq dtes64 monitor ds_cpl vmx smx est tm2 ssse3 fma cx16 xtpr pdcm pcid dca sse4_1 sse4_2 x2apic movbe popcnt tsc_deadline_timer xsave avx f16c rdrand lahf_lm abm ida arat epb pln pts dtherm tpr_shadow vnmi flexpriority ept vpid fsgsbase tsc_adjust bmi1 avx2 smep bmi2 erms invpcid xsaveopt
bugs		:
bogomips	: 5201.23
clflush size	: 64
cache_alignment	: 64
address sizes	: 46 bits physical, 48 bits virtual
power management:

processor	: 9
vendor_id	: GenuineIntel
cpu family	: 6
model		: 63
model name	: Intel(R) Xeon(R) CPU E5-2640 v3 @ 2.60GHz
stepping	: 2
microcode	: 0x25
cpu MHz		: 2800.687
cache size	: 20480 KB
physical id	: 1
siblings	: 16
core id		: 1
cpu cores	: 8
apicid		: 18
initial apicid	: 18
fpu		: yes
fpu_exception	: yes
cpuid level	: 15
wp		: yes
flags		: fpu vme de pse tsc msr pae mce cx8 apic sep mtrr pge mca cmov pat pse36 clflush dts acpi mmx fxsr sse sse2 ss ht tm pbe syscall nx pdpe1gb rdtscp lm constant_tsc arch_perfmon pebs bts rep_good nopl xtopology nonstop_tsc aperfmperf eagerfpu pni pclmulqdq dtes64 monitor ds_cpl vmx smx est tm2 ssse3 fma cx16 xtpr pdcm pcid dca sse4_1 sse4_2 x2apic movbe popcnt tsc_deadline_timer xsave avx f16c rdrand lahf_lm abm ida arat epb pln pts dtherm tpr_shadow vnmi flexpriority ept vpid fsgsbase tsc_adjust bmi1 avx2 smep bmi2 erms invpcid xsaveopt
bugs		:
bogomips	: 5201.23
clflush size	: 64
cache_alignment	: 64
address sizes	: 46 bits physical, 48 bits virtual
power management:

processor	: 10
vendor_id	: GenuineIntel
cpu family	: 6
model		: 63
model name	: Intel(R) Xeon(R) CPU E5-2640 v3 @ 2.60GHz
stepping	: 2
microcode	: 0x25
cpu MHz		: 2992.539
cache size	: 20480 KB
physical id	: 1
siblings	: 16
core id		: 2
cpu cores	: 8
apicid		: 20
initial apicid	: 20
fpu		: yes
fpu_exception	: yes
cpuid level	: 15
wp		: yes
flags		: fpu vme de pse tsc msr pae mce cx8 apic sep mtrr pge mca cmov pat pse36 clflush dts acpi mmx fxsr sse sse2 ss ht tm pbe syscall nx pdpe1gb rdtscp lm constant_tsc arch_perfmon pebs bts rep_good nopl xtopology nonstop_tsc aperfmperf eagerfpu pni pclmulqdq dtes64 monitor ds_cpl vmx smx est tm2 ssse3 fma cx16 xtpr pdcm pcid dca sse4_1 sse4_2 x2apic movbe popcnt tsc_deadline_timer xsave avx f16c rdrand lahf_lm abm ida arat epb pln pts dtherm tpr_shadow vnmi flexpriority ept vpid fsgsbase tsc_adjust bmi1 avx2 smep bmi2 erms invpcid xsaveopt
bugs		:
bogomips	: 5201.23
clflush size	: 64
cache_alignment	: 64
address sizes	: 46 bits physical, 48 bits virtual
power management:

processor	: 11
vendor_id	: GenuineIntel
cpu family	: 6
model		: 63
model name	: Intel(R) Xeon(R) CPU E5-2640 v3 @ 2.60GHz
stepping	: 2
microcode	: 0x25
cpu MHz		: 2901.640
cache size	: 20480 KB
physical id	: 1
siblings	: 16
core id		: 3
cpu cores	: 8
apicid		: 22
initial apicid	: 22
fpu		: yes
fpu_exception	: yes
cpuid level	: 15
wp		: yes
flags		: fpu vme de pse tsc msr pae mce cx8 apic sep mtrr pge mca cmov pat pse36 clflush dts acpi mmx fxsr sse sse2 ss ht tm pbe syscall nx pdpe1gb rdtscp lm constant_tsc arch_perfmon pebs bts rep_good nopl xtopology nonstop_tsc aperfmperf eagerfpu pni pclmulqdq dtes64 monitor ds_cpl vmx smx est tm2 ssse3 fma cx16 xtpr pdcm pcid dca sse4_1 sse4_2 x2apic movbe popcnt tsc_deadline_timer xsave avx f16c rdrand lahf_lm abm ida arat epb pln pts dtherm tpr_shadow vnmi flexpriority ept vpid fsgsbase tsc_adjust bmi1 avx2 smep bmi2 erms invpcid xsaveopt
bugs		:
bogomips	: 5201.23
clflush size	: 64
cache_alignment	: 64
address sizes	: 46 bits physical, 48 bits virtual
power management:

processor	: 12
vendor_id	: GenuineIntel
cpu family	: 6
model		: 63
model name	: Intel(R) Xeon(R) CPU E5-2640 v3 @ 2.60GHz
stepping	: 2
microcode	: 0x25
cpu MHz		: 2799.976
cache size	: 20480 KB
physical id	: 1
siblings	: 16
core id		: 4
cpu cores	: 8
apicid		: 24
initial apicid	: 24
fpu		: yes
fpu_exception	: yes
cpuid level	: 15
wp		: yes
flags		: fpu vme de pse tsc msr pae mce cx8 apic sep mtrr pge mca cmov pat pse36 clflush dts acpi mmx fxsr sse sse2 ss ht tm pbe syscall nx pdpe1gb rdtscp lm constant_tsc arch_perfmon pebs bts rep_good nopl xtopology nonstop_tsc aperfmperf eagerfpu pni pclmulqdq dtes64 monitor ds_cpl vmx smx est tm2 ssse3 fma cx16 xtpr pdcm pcid dca sse4_1 sse4_2 x2apic movbe popcnt tsc_deadline_timer xsave avx f16c rdrand lahf_lm abm ida arat epb pln pts dtherm tpr_shadow vnmi flexpriority ept vpid fsgsbase tsc_adjust bmi1 avx2 smep bmi2 erms invpcid xsaveopt
bugs		:
bogomips	: 5201.23
clflush size	: 64
cache_alignment	: 64
address sizes	: 46 bits physical, 48 bits virtual
power management:

processor	: 13
vendor_id	: GenuineIntel
cpu family	: 6
model		: 63
model name	: Intel(R) Xeon(R) CPU E5-2640 v3 @ 2.60GHz
stepping	: 2
microcode	: 0x25
cpu MHz		: 2799.976
cache size	: 20480 KB
physical id	: 1
siblings	: 16
core id		: 5
cpu cores	: 8
apicid		: 26
initial apicid	: 26
fpu		: yes
fpu_exception	: yes
cpuid level	: 15
wp		: yes
flags		: fpu vme de pse tsc msr pae mce cx8 apic sep mtrr pge mca cmov pat pse36 clflush dts acpi mmx fxsr sse sse2 ss ht tm pbe syscall nx pdpe1gb rdtscp lm constant_tsc arch_perfmon pebs bts rep_good nopl xtopology nonstop_tsc aperfmperf eagerfpu pni pclmulqdq dtes64 monitor ds_cpl vmx smx est tm2 ssse3 fma cx16 xtpr pdcm pcid dca sse4_1 sse4_2 x2apic movbe popcnt tsc_deadline_timer xsave avx f16c rdrand lahf_lm abm ida arat epb pln pts dtherm tpr_shadow vnmi flexpriority ept vpid fsgsbase tsc_adjust bmi1 avx2 smep bmi2 erms invpcid xsaveopt
bugs		:
bogomips	: 5201.23
clflush size	: 64
cache_alignment	: 64
address sizes	: 46 bits physical, 48 bits virtual
power management:

processor	: 14
vendor_id	: GenuineIntel
cpu family	: 6
model		: 63
model name	: Intel(R) Xeon(R) CPU E5-2640 v3 @ 2.60GHz
stepping	: 2
microcode	: 0x25
cpu MHz		: 2799.976
cache size	: 20480 KB
physical id	: 1
siblings	: 16
core id		: 6
cpu cores	: 8
apicid		: 28
initial apicid	: 28
fpu		: yes
fpu_exception	: yes
cpuid level	: 15
wp		: yes
flags		: fpu vme de pse tsc msr pae mce cx8 apic sep mtrr pge mca cmov pat pse36 clflush dts acpi mmx fxsr sse sse2 ss ht tm pbe syscall nx pdpe1gb rdtscp lm constant_tsc arch_perfmon pebs bts rep_good nopl xtopology nonstop_tsc aperfmperf eagerfpu pni pclmulqdq dtes64 monitor ds_cpl vmx smx est tm2 ssse3 fma cx16 xtpr pdcm pcid dca sse4_1 sse4_2 x2apic movbe popcnt tsc_deadline_timer xsave avx f16c rdrand lahf_lm abm ida arat epb pln pts dtherm tpr_shadow vnmi flexpriority ept vpid fsgsbase tsc_adjust bmi1 avx2 smep bmi2 erms invpcid xsaveopt
bugs		:
bogomips	: 5201.23
clflush size	: 64
cache_alignment	: 64
address sizes	: 46 bits physical, 48 bits virtual
power management:

processor	: 15
vendor_id	: GenuineIntel
cpu family	: 6
model		: 63
model name	: Intel(R) Xeon(R) CPU E5-2640 v3 @ 2.60GHz
stepping	: 2
microcode	: 0x25
cpu MHz		: 2901.640
cache size	: 20480 KB
physical id	: 1
siblings	: 16
core id		: 7
cpu cores	: 8
apicid		: 30
initial apicid	: 30
fpu		: yes
fpu_exception	: yes
cpuid level	: 15
wp		: yes
flags		: fpu vme de pse tsc msr pae mce cx8 apic sep mtrr pge mca cmov pat pse36 clflush dts acpi mmx fxsr sse sse2 ss ht tm pbe syscall nx pdpe1gb rdtscp lm constant_tsc arch_perfmon pebs bts rep_good nopl xtopology nonstop_tsc aperfmperf eagerfpu pni pclmulqdq dtes64 monitor ds_cpl vmx smx est tm2 ssse3 fma cx16 xtpr pdcm pcid dca sse4_1 sse4_2 x2apic movbe popcnt tsc_deadline_timer xsave avx f16c rdrand lahf_lm abm ida arat epb pln pts dtherm tpr_shadow vnmi flexpriority ept vpid fsgsbase tsc_adjust bmi1 avx2 smep bmi2 erms invpcid xsaveopt
bugs		:
bogomips	: 5201.23
clflush size	: 64
cache_alignment	: 64
address sizes	: 46 bits physical, 48 bits virtual
power management:

processor	: 16
vendor_id	: GenuineIntel
cpu family	: 6
model		: 63
model name	: Intel(R) Xeon(R) CPU E5-2640 v3 @ 2.60GHz
stepping	: 2
microcode	: 0x25
cpu MHz		: 2799.976
cache size	: 20480 KB
physical id	: 0
siblings	: 16
core id		: 0
cpu cores	: 8
apicid		: 1
initial apicid	: 1
fpu		: yes
fpu_exception	: yes
cpuid level	: 15
wp		: yes
flags		: fpu vme de pse tsc msr pae mce cx8 apic sep mtrr pge mca cmov pat pse36 clflush dts acpi mmx fxsr sse sse2 ss ht tm pbe syscall nx pdpe1gb rdtscp lm constant_tsc arch_perfmon pebs bts rep_good nopl xtopology nonstop_tsc aperfmperf eagerfpu pni pclmulqdq dtes64 monitor ds_cpl vmx smx est tm2 ssse3 fma cx16 xtpr pdcm pcid dca sse4_1 sse4_2 x2apic movbe popcnt tsc_deadline_timer xsave avx f16c rdrand lahf_lm abm ida arat epb pln pts dtherm tpr_shadow vnmi flexpriority ept vpid fsgsbase tsc_adjust bmi1 avx2 smep bmi2 erms invpcid xsaveopt
bugs		:
bogomips	: 5199.93
clflush size	: 64
cache_alignment	: 64
address sizes	: 46 bits physical, 48 bits virtual
power management:

processor	: 17
vendor_id	: GenuineIntel
cpu family	: 6
model		: 63
model name	: Intel(R) Xeon(R) CPU E5-2640 v3 @ 2.60GHz
stepping	: 2
microcode	: 0x25
cpu MHz		: 2799.976
cache size	: 20480 KB
physical id	: 0
siblings	: 16
core id		: 1
cpu cores	: 8
apicid		: 3
initial apicid	: 3
fpu		: yes
fpu_exception	: yes
cpuid level	: 15
wp		: yes
flags		: fpu vme de pse tsc msr pae mce cx8 apic sep mtrr pge mca cmov pat pse36 clflush dts acpi mmx fxsr sse sse2 ss ht tm pbe syscall nx pdpe1gb rdtscp lm constant_tsc arch_perfmon pebs bts rep_good nopl xtopology nonstop_tsc aperfmperf eagerfpu pni pclmulqdq dtes64 monitor ds_cpl vmx smx est tm2 ssse3 fma cx16 xtpr pdcm pcid dca sse4_1 sse4_2 x2apic movbe popcnt tsc_deadline_timer xsave avx f16c rdrand lahf_lm abm ida arat epb pln pts dtherm tpr_shadow vnmi flexpriority ept vpid fsgsbase tsc_adjust bmi1 avx2 smep bmi2 erms invpcid xsaveopt
bugs		:
bogomips	: 5199.93
clflush size	: 64
cache_alignment	: 64
address sizes	: 46 bits physical, 48 bits virtual
power management:

processor	: 18
vendor_id	: GenuineIntel
cpu family	: 6
model		: 63
model name	: Intel(R) Xeon(R) CPU E5-2640 v3 @ 2.60GHz
stepping	: 2
microcode	: 0x25
cpu MHz		: 2799.976
cache size	: 20480 KB
physical id	: 0
siblings	: 16
core id		: 2
cpu cores	: 8
apicid		: 5
initial apicid	: 5
fpu		: yes
fpu_exception	: yes
cpuid level	: 15
wp		: yes
flags		: fpu vme de pse tsc msr pae mce cx8 apic sep mtrr pge mca cmov pat pse36 clflush dts acpi mmx fxsr sse sse2 ss ht tm pbe syscall nx pdpe1gb rdtscp lm constant_tsc arch_perfmon pebs bts rep_good nopl xtopology nonstop_tsc aperfmperf eagerfpu pni pclmulqdq dtes64 monitor ds_cpl vmx smx est tm2 ssse3 fma cx16 xtpr pdcm pcid dca sse4_1 sse4_2 x2apic movbe popcnt tsc_deadline_timer xsave avx f16c rdrand lahf_lm abm ida arat epb pln pts dtherm tpr_shadow vnmi flexpriority ept vpid fsgsbase tsc_adjust bmi1 avx2 smep bmi2 erms invpcid xsaveopt
bugs		:
bogomips	: 5199.93
clflush size	: 64
cache_alignment	: 64
address sizes	: 46 bits physical, 48 bits virtual
power management:

processor	: 19
vendor_id	: GenuineIntel
cpu family	: 6
model		: 63
model name	: Intel(R) Xeon(R) CPU E5-2640 v3 @ 2.60GHz
stepping	: 2
microcode	: 0x25
cpu MHz		: 2799.976
cache size	: 20480 KB
physical id	: 0
siblings	: 16
core id		: 3
cpu cores	: 8
apicid		: 7
initial apicid	: 7
fpu		: yes
fpu_exception	: yes
cpuid level	: 15
wp		: yes
flags		: fpu vme de pse tsc msr pae mce cx8 apic sep mtrr pge mca cmov pat pse36 clflush dts acpi mmx fxsr sse sse2 ss ht tm pbe syscall nx pdpe1gb rdtscp lm constant_tsc arch_perfmon pebs bts rep_good nopl xtopology nonstop_tsc aperfmperf eagerfpu pni pclmulqdq dtes64 monitor ds_cpl vmx smx est tm2 ssse3 fma cx16 xtpr pdcm pcid dca sse4_1 sse4_2 x2apic movbe popcnt tsc_deadline_timer xsave avx f16c rdrand lahf_lm abm ida arat epb pln pts dtherm tpr_shadow vnmi flexpriority ept vpid fsgsbase tsc_adjust bmi1 avx2 smep bmi2 erms invpcid xsaveopt
bugs		:
bogomips	: 5199.93
clflush size	: 64
cache_alignment	: 64
address sizes	: 46 bits physical, 48 bits virtual
power management:

processor	: 20
vendor_id	: GenuineIntel
cpu family	: 6
model		: 63
model name	: Intel(R) Xeon(R) CPU E5-2640 v3 @ 2.60GHz
stepping	: 2
microcode	: 0x25
cpu MHz		: 2799.976
cache size	: 20480 KB
physical id	: 0
siblings	: 16
core id		: 4
cpu cores	: 8
apicid		: 9
initial apicid	: 9
fpu		: yes
fpu_exception	: yes
cpuid level	: 15
wp		: yes
flags		: fpu vme de pse tsc msr pae mce cx8 apic sep mtrr pge mca cmov pat pse36 clflush dts acpi mmx fxsr sse sse2 ss ht tm pbe syscall nx pdpe1gb rdtscp lm constant_tsc arch_perfmon pebs bts rep_good nopl xtopology nonstop_tsc aperfmperf eagerfpu pni pclmulqdq dtes64 monitor ds_cpl vmx smx est tm2 ssse3 fma cx16 xtpr pdcm pcid dca sse4_1 sse4_2 x2apic movbe popcnt tsc_deadline_timer xsave avx f16c rdrand lahf_lm abm ida arat epb pln pts dtherm tpr_shadow vnmi flexpriority ept vpid fsgsbase tsc_adjust bmi1 avx2 smep bmi2 erms invpcid xsaveopt
bugs		:
bogomips	: 5199.93
clflush size	: 64
cache_alignment	: 64
address sizes	: 46 bits physical, 48 bits virtual
power management:

processor	: 21
vendor_id	: GenuineIntel
cpu family	: 6
model		: 63
model name	: Intel(R) Xeon(R) CPU E5-2640 v3 @ 2.60GHz
stepping	: 2
microcode	: 0x25
cpu MHz		: 2799.976
cache size	: 20480 KB
physical id	: 0
siblings	: 16
core id		: 5
cpu cores	: 8
apicid		: 11
initial apicid	: 11
fpu		: yes
fpu_exception	: yes
cpuid level	: 15
wp		: yes
flags		: fpu vme de pse tsc msr pae mce cx8 apic sep mtrr pge mca cmov pat pse36 clflush dts acpi mmx fxsr sse sse2 ss ht tm pbe syscall nx pdpe1gb rdtscp lm constant_tsc arch_perfmon pebs bts rep_good nopl xtopology nonstop_tsc aperfmperf eagerfpu pni pclmulqdq dtes64 monitor ds_cpl vmx smx est tm2 ssse3 fma cx16 xtpr pdcm pcid dca sse4_1 sse4_2 x2apic movbe popcnt tsc_deadline_timer xsave avx f16c rdrand lahf_lm abm ida arat epb pln pts dtherm tpr_shadow vnmi flexpriority ept vpid fsgsbase tsc_adjust bmi1 avx2 smep bmi2 erms invpcid xsaveopt
bugs		:
bogomips	: 5199.93
clflush size	: 64
cache_alignment	: 64
address sizes	: 46 bits physical, 48 bits virtual
power management:

processor	: 22
vendor_id	: GenuineIntel
cpu family	: 6
model		: 63
model name	: Intel(R) Xeon(R) CPU E5-2640 v3 @ 2.60GHz
stepping	: 2
microcode	: 0x25
cpu MHz		: 2799.976
cache size	: 20480 KB
physical id	: 0
siblings	: 16
core id		: 6
cpu cores	: 8
apicid		: 13
initial apicid	: 13
fpu		: yes
fpu_exception	: yes
cpuid level	: 15
wp		: yes
flags		: fpu vme de pse tsc msr pae mce cx8 apic sep mtrr pge mca cmov pat pse36 clflush dts acpi mmx fxsr sse sse2 ss ht tm pbe syscall nx pdpe1gb rdtscp lm constant_tsc arch_perfmon pebs bts rep_good nopl xtopology nonstop_tsc aperfmperf eagerfpu pni pclmulqdq dtes64 monitor ds_cpl vmx smx est tm2 ssse3 fma cx16 xtpr pdcm pcid dca sse4_1 sse4_2 x2apic movbe popcnt tsc_deadline_timer xsave avx f16c rdrand lahf_lm abm ida arat epb pln pts dtherm tpr_shadow vnmi flexpriority ept vpid fsgsbase tsc_adjust bmi1 avx2 smep bmi2 erms invpcid xsaveopt
bugs		:
bogomips	: 5199.93
clflush size	: 64
cache_alignment	: 64
address sizes	: 46 bits physical, 48 bits virtual
power management:

processor	: 23
vendor_id	: GenuineIntel
cpu family	: 6
model		: 63
model name	: Intel(R) Xeon(R) CPU E5-2640 v3 @ 2.60GHz
stepping	: 2
microcode	: 0x25
cpu MHz		: 2799.976
cache size	: 20480 KB
physical id	: 0
siblings	: 16
core id		: 7
cpu cores	: 8
apicid		: 15
initial apicid	: 15
fpu		: yes
fpu_exception	: yes
cpuid level	: 15
wp		: yes
flags		: fpu vme de pse tsc msr pae mce cx8 apic sep mtrr pge mca cmov pat pse36 clflush dts acpi mmx fxsr sse sse2 ss ht tm pbe syscall nx pdpe1gb rdtscp lm constant_tsc arch_perfmon pebs bts rep_good nopl xtopology nonstop_tsc aperfmperf eagerfpu pni pclmulqdq dtes64 monitor ds_cpl vmx smx est tm2 ssse3 fma cx16 xtpr pdcm pcid dca sse4_1 sse4_2 x2apic movbe popcnt tsc_deadline_timer xsave avx f16c rdrand lahf_lm abm ida arat epb pln pts dtherm tpr_shadow vnmi flexpriority ept vpid fsgsbase tsc_adjust bmi1 avx2 smep bmi2 erms invpcid xsaveopt
bugs		:
bogomips	: 5199.93
clflush size	: 64
cache_alignment	: 64
address sizes	: 46 bits physical, 48 bits virtual
power management:

processor	: 24
vendor_id	: GenuineIntel
cpu family	: 6
model		: 63
model name	: Intel(R) Xeon(R) CPU E5-2640 v3 @ 2.60GHz
stepping	: 2
microcode	: 0x25
cpu MHz		: 2799.976
cache size	: 20480 KB
physical id	: 1
siblings	: 16
core id		: 0
cpu cores	: 8
apicid		: 17
initial apicid	: 17
fpu		: yes
fpu_exception	: yes
cpuid level	: 15
wp		: yes
flags		: fpu vme de pse tsc msr pae mce cx8 apic sep mtrr pge mca cmov pat pse36 clflush dts acpi mmx fxsr sse sse2 ss ht tm pbe syscall nx pdpe1gb rdtscp lm constant_tsc arch_perfmon pebs bts rep_good nopl xtopology nonstop_tsc aperfmperf eagerfpu pni pclmulqdq dtes64 monitor ds_cpl vmx smx est tm2 ssse3 fma cx16 xtpr pdcm pcid dca sse4_1 sse4_2 x2apic movbe popcnt tsc_deadline_timer xsave avx f16c rdrand lahf_lm abm ida arat epb pln pts dtherm tpr_shadow vnmi flexpriority ept vpid fsgsbase tsc_adjust bmi1 avx2 smep bmi2 erms invpcid xsaveopt
bugs		:
bogomips	: 5201.23
clflush size	: 64
cache_alignment	: 64
address sizes	: 46 bits physical, 48 bits virtual
power management:

processor	: 25
vendor_id	: GenuineIntel
cpu family	: 6
model		: 63
model name	: Intel(R) Xeon(R) CPU E5-2640 v3 @ 2.60GHz
stepping	: 2
microcode	: 0x25
cpu MHz		: 2799.976
cache size	: 20480 KB
physical id	: 1
siblings	: 16
core id		: 1
cpu cores	: 8
apicid		: 19
initial apicid	: 19
fpu		: yes
fpu_exception	: yes
cpuid level	: 15
wp		: yes
flags		: fpu vme de pse tsc msr pae mce cx8 apic sep mtrr pge mca cmov pat pse36 clflush dts acpi mmx fxsr sse sse2 ss ht tm pbe syscall nx pdpe1gb rdtscp lm constant_tsc arch_perfmon pebs bts rep_good nopl xtopology nonstop_tsc aperfmperf eagerfpu pni pclmulqdq dtes64 monitor ds_cpl vmx smx est tm2 ssse3 fma cx16 xtpr pdcm pcid dca sse4_1 sse4_2 x2apic movbe popcnt tsc_deadline_timer xsave avx f16c rdrand lahf_lm abm ida arat epb pln pts dtherm tpr_shadow vnmi flexpriority ept vpid fsgsbase tsc_adjust bmi1 avx2 smep bmi2 erms invpcid xsaveopt
bugs		:
bogomips	: 5201.23
clflush size	: 64
cache_alignment	: 64
address sizes	: 46 bits physical, 48 bits virtual
power management:

processor	: 26
vendor_id	: GenuineIntel
cpu family	: 6
model		: 63
model name	: Intel(R) Xeon(R) CPU E5-2640 v3 @ 2.60GHz
stepping	: 2
microcode	: 0x25
cpu MHz		: 2802.007
cache size	: 20480 KB
physical id	: 1
siblings	: 16
core id		: 2
cpu cores	: 8
apicid		: 21
initial apicid	: 21
fpu		: yes
fpu_exception	: yes
cpuid level	: 15
wp		: yes
flags		: fpu vme de pse tsc msr pae mce cx8 apic sep mtrr pge mca cmov pat pse36 clflush dts acpi mmx fxsr sse sse2 ss ht tm pbe syscall nx pdpe1gb rdtscp lm constant_tsc arch_perfmon pebs bts rep_good nopl xtopology nonstop_tsc aperfmperf eagerfpu pni pclmulqdq dtes64 monitor ds_cpl vmx smx est tm2 ssse3 fma cx16 xtpr pdcm pcid dca sse4_1 sse4_2 x2apic movbe popcnt tsc_deadline_timer xsave avx f16c rdrand lahf_lm abm ida arat epb pln pts dtherm tpr_shadow vnmi flexpriority ept vpid fsgsbase tsc_adjust bmi1 avx2 smep bmi2 erms invpcid xsaveopt
bugs		:
bogomips	: 5201.23
clflush size	: 64
cache_alignment	: 64
address sizes	: 46 bits physical, 48 bits virtual
power management:

processor	: 27
vendor_id	: GenuineIntel
cpu family	: 6
model		: 63
model name	: Intel(R) Xeon(R) CPU E5-2640 v3 @ 2.60GHz
stepping	: 2
microcode	: 0x25
cpu MHz		: 2799.976
cache size	: 20480 KB
physical id	: 1
siblings	: 16
core id		: 3
cpu cores	: 8
apicid		: 23
initial apicid	: 23
fpu		: yes
fpu_exception	: yes
cpuid level	: 15
wp		: yes
flags		: fpu vme de pse tsc msr pae mce cx8 apic sep mtrr pge mca cmov pat pse36 clflush dts acpi mmx fxsr sse sse2 ss ht tm pbe syscall nx pdpe1gb rdtscp lm constant_tsc arch_perfmon pebs bts rep_good nopl xtopology nonstop_tsc aperfmperf eagerfpu pni pclmulqdq dtes64 monitor ds_cpl vmx smx est tm2 ssse3 fma cx16 xtpr pdcm pcid dca sse4_1 sse4_2 x2apic movbe popcnt tsc_deadline_timer xsave avx f16c rdrand lahf_lm abm ida arat epb pln pts dtherm tpr_shadow vnmi flexpriority ept vpid fsgsbase tsc_adjust bmi1 avx2 smep bmi2 erms invpcid xsaveopt
bugs		:
bogomips	: 5201.23
clflush size	: 64
cache_alignment	: 64
address sizes	: 46 bits physical, 48 bits virtual
power management:

processor	: 28
vendor_id	: GenuineIntel
cpu family	: 6
model		: 63
model name	: Intel(R) Xeon(R) CPU E5-2640 v3 @ 2.60GHz
stepping	: 2
microcode	: 0x25
cpu MHz		: 2799.976
cache size	: 20480 KB
physical id	: 1
siblings	: 16
core id		: 4
cpu cores	: 8
apicid		: 25
initial apicid	: 25
fpu		: yes
fpu_exception	: yes
cpuid level	: 15
wp		: yes
flags		: fpu vme de pse tsc msr pae mce cx8 apic sep mtrr pge mca cmov pat pse36 clflush dts acpi mmx fxsr sse sse2 ss ht tm pbe syscall nx pdpe1gb rdtscp lm constant_tsc arch_perfmon pebs bts rep_good nopl xtopology nonstop_tsc aperfmperf eagerfpu pni pclmulqdq dtes64 monitor ds_cpl vmx smx est tm2 ssse3 fma cx16 xtpr pdcm pcid dca sse4_1 sse4_2 x2apic movbe popcnt tsc_deadline_timer xsave avx f16c rdrand lahf_lm abm ida arat epb pln pts dtherm tpr_shadow vnmi flexpriority ept vpid fsgsbase tsc_adjust bmi1 avx2 smep bmi2 erms invpcid xsaveopt
bugs		:
bogomips	: 5201.23
clflush size	: 64
cache_alignment	: 64
address sizes	: 46 bits physical, 48 bits virtual
power management:

processor	: 29
vendor_id	: GenuineIntel
cpu family	: 6
model		: 63
model name	: Intel(R) Xeon(R) CPU E5-2640 v3 @ 2.60GHz
stepping	: 2
microcode	: 0x25
cpu MHz		: 2901.640
cache size	: 20480 KB
physical id	: 1
siblings	: 16
core id		: 5
cpu cores	: 8
apicid		: 27
initial apicid	: 27
fpu		: yes
fpu_exception	: yes
cpuid level	: 15
wp		: yes
flags		: fpu vme de pse tsc msr pae mce cx8 apic sep mtrr pge mca cmov pat pse36 clflush dts acpi mmx fxsr sse sse2 ss ht tm pbe syscall nx pdpe1gb rdtscp lm constant_tsc arch_perfmon pebs bts rep_good nopl xtopology nonstop_tsc aperfmperf eagerfpu pni pclmulqdq dtes64 monitor ds_cpl vmx smx est tm2 ssse3 fma cx16 xtpr pdcm pcid dca sse4_1 sse4_2 x2apic movbe popcnt tsc_deadline_timer xsave avx f16c rdrand lahf_lm abm ida arat epb pln pts dtherm tpr_shadow vnmi flexpriority ept vpid fsgsbase tsc_adjust bmi1 avx2 smep bmi2 erms invpcid xsaveopt
bugs		:
bogomips	: 5201.23
clflush size	: 64
cache_alignment	: 64
address sizes	: 46 bits physical, 48 bits virtual
power management:

processor	: 30
vendor_id	: GenuineIntel
cpu family	: 6
model		: 63
model name	: Intel(R) Xeon(R) CPU E5-2640 v3 @ 2.60GHz
stepping	: 2
microcode	: 0x25
cpu MHz		: 2799.976
cache size	: 20480 KB
physical id	: 1
siblings	: 16
core id		: 6
cpu cores	: 8
apicid		: 29
initial apicid	: 29
fpu		: yes
fpu_exception	: yes
cpuid level	: 15
wp		: yes
flags		: fpu vme de pse tsc msr pae mce cx8 apic sep mtrr pge mca cmov pat pse36 clflush dts acpi mmx fxsr sse sse2 ss ht tm pbe syscall nx pdpe1gb rdtscp lm constant_tsc arch_perfmon pebs bts rep_good nopl xtopology nonstop_tsc aperfmperf eagerfpu pni pclmulqdq dtes64 monitor ds_cpl vmx smx est tm2 ssse3 fma cx16 xtpr pdcm pcid dca sse4_1 sse4_2 x2apic movbe popcnt tsc_deadline_timer xsave avx f16c rdrand lahf_lm abm ida arat epb pln pts dtherm tpr_shadow vnmi flexpriority ept vpid fsgsbase tsc_adjust bmi1 avx2 smep bmi2 erms invpcid xsaveopt
bugs		:
bogomips	: 5201.23
clflush size	: 64
cache_alignment	: 64
address sizes	: 46 bits physical, 48 bits virtual
power management:

processor	: 31
vendor_id	: GenuineIntel
cpu family	: 6
model		: 63
model name	: Intel(R) Xeon(R) CPU E5-2640 v3 @ 2.60GHz
stepping	: 2
microcode	: 0x25
cpu MHz		: 2799.976
cache size	: 20480 KB
physical id	: 1
siblings	: 16
core id		: 7
cpu cores	: 8
apicid		: 31
initial apicid	: 31
fpu		: yes
fpu_exception	: yes
cpuid level	: 15
wp		: yes
flags		: fpu vme de pse tsc msr pae mce cx8 apic sep mtrr pge mca cmov pat pse36 clflush dts acpi mmx fxsr sse sse2 ss ht tm pbe syscall nx pdpe1gb rdtscp lm constant_tsc arch_perfmon pebs bts rep_good nopl xtopology nonstop_tsc aperfmperf eagerfpu pni pclmulqdq dtes64 monitor ds_cpl vmx smx est tm2 ssse3 fma cx16 xtpr pdcm pcid dca sse4_1 sse4_2 x2apic movbe popcnt tsc_deadline_timer xsave avx f16c rdrand lahf_lm abm ida arat epb pln pts dtherm tpr_shadow vnmi flexpriority ept vpid fsgsbase tsc_adjust bmi1 avx2 smep bmi2 erms invpcid xsaveopt
bugs		:
bogomips	: 5201.23
clflush size	: 64
cache_alignment	: 64
address sizes	: 46 bits physical, 48 bits virtual
power management:



Memory: 4k page, physical 792529968k(187864852k free), swap 9814012k(9008520k free)

vm_info: Java HotSpot(TM) 64-Bit Server VM (25.73-b02) for linux-amd64 JRE (1.8.0_73-b02), built on Jan 29 2016 17:39:45 by "java_re" with gcc 4.3.0 20080428 (Red Hat 4.3.0-8)

time: Sun Mar 13 10:21:31 2016
elapsed time: 22 seconds (0d 0h 0m 22s)

