2017-08-17 19:00:40.584+0000 WARN  [o.n.i.p.PageCache] The dbms.memory.pagecache.size setting has not been configured. It is recommended that this setting is always explicitly configured, to ensure the system has a balanced configuration. Until then, a computed heuristic value of 178782208 bytes will be used instead. 
2017-08-17 19:00:40.621+0000 INFO  [o.n.k.i.f.CommunityEditionModule] No locking implementation specified, defaulting to 'community'
2017-08-17 19:00:40.770+0000 INFO  [o.n.k.AvailabilityGuard] Requirement makes database unavailable: Database available
2017-08-17 19:00:40.795+0000 INFO  [o.n.k.i.DiagnosticsManager] --- INITIALIZED diagnostics START ---
2017-08-17 19:00:40.795+0000 INFO  [o.n.k.i.DiagnosticsManager] Neo4j Kernel properties:
2017-08-17 19:00:40.795+0000 INFO  [o.n.k.i.DiagnosticsManager] unsupported.dbms.edition=community
2017-08-17 19:00:40.795+0000 INFO  [o.n.k.i.DiagnosticsManager] unsupported.dbms.directories.neo4j_home=/Users/siavash/pantools/03_p/databases/graph.db
2017-08-17 19:00:40.795+0000 INFO  [o.n.k.i.DiagnosticsManager] dbms.tx_log.rotation.retention_policy=4 files
2017-08-17 19:00:40.795+0000 INFO  [o.n.k.i.DiagnosticsManager] unsupported.dbms.ephemeral=false
2017-08-17 19:00:40.796+0000 INFO  [o.n.k.i.DiagnosticsManager] Diagnostics providers:
2017-08-17 19:00:40.796+0000 INFO  [o.n.k.i.DiagnosticsManager] org.neo4j.kernel.configuration.Config
2017-08-17 19:00:40.796+0000 INFO  [o.n.k.i.DiagnosticsManager] org.neo4j.kernel.info.DiagnosticsManager
2017-08-17 19:00:40.796+0000 INFO  [o.n.k.i.DiagnosticsManager] SYSTEM_MEMORY
2017-08-17 19:00:40.796+0000 INFO  [o.n.k.i.DiagnosticsManager] JAVA_MEMORY
2017-08-17 19:00:40.796+0000 INFO  [o.n.k.i.DiagnosticsManager] OPERATING_SYSTEM
2017-08-17 19:00:40.796+0000 INFO  [o.n.k.i.DiagnosticsManager] JAVA_VIRTUAL_MACHINE
2017-08-17 19:00:40.796+0000 INFO  [o.n.k.i.DiagnosticsManager] CLASSPATH
2017-08-17 19:00:40.796+0000 INFO  [o.n.k.i.DiagnosticsManager] LIBRARY_PATH
2017-08-17 19:00:40.796+0000 INFO  [o.n.k.i.DiagnosticsManager] SYSTEM_PROPERTIES
2017-08-17 19:00:40.796+0000 INFO  [o.n.k.i.DiagnosticsManager] NETWORK
2017-08-17 19:00:40.796+0000 INFO  [o.n.k.i.DiagnosticsManager] System memory information:
2017-08-17 19:00:40.798+0000 INFO  [o.n.k.i.DiagnosticsManager] Total Physical memory: 8.00 GB
2017-08-17 19:00:40.799+0000 INFO  [o.n.k.i.DiagnosticsManager] Free Physical memory: 1.47 GB
2017-08-17 19:00:40.800+0000 INFO  [o.n.k.i.DiagnosticsManager] Committed virtual memory: 11.99 GB
2017-08-17 19:00:40.800+0000 INFO  [o.n.k.i.DiagnosticsManager] Total swap space: 1.00 GB
2017-08-17 19:00:40.801+0000 INFO  [o.n.k.i.DiagnosticsManager] Free swap space: 921.25 MB
2017-08-17 19:00:40.801+0000 INFO  [o.n.k.i.DiagnosticsManager] JVM memory information:
2017-08-17 19:00:40.801+0000 INFO  [o.n.k.i.DiagnosticsManager] Free  memory: 7.31 GB
2017-08-17 19:00:40.801+0000 INFO  [o.n.k.i.DiagnosticsManager] Total memory: 7.67 GB
2017-08-17 19:00:40.801+0000 INFO  [o.n.k.i.DiagnosticsManager] Max   memory: 7.67 GB
2017-08-17 19:00:40.802+0000 INFO  [o.n.k.i.DiagnosticsManager] Garbage Collector: PS Scavenge: [PS Eden Space, PS Survivor Space]
2017-08-17 19:00:40.802+0000 INFO  [o.n.k.i.DiagnosticsManager] Garbage Collector: PS MarkSweep: [PS Eden Space, PS Survivor Space, PS Old Gen]
2017-08-17 19:00:40.803+0000 INFO  [o.n.k.i.DiagnosticsManager] Memory Pool: Code Cache (Non-heap memory): committed=3.38 MB, used=3.31 MB, max=240.00 MB, threshold=0.00 B
2017-08-17 19:00:40.803+0000 INFO  [o.n.k.i.DiagnosticsManager] Memory Pool: Metaspace (Non-heap memory): committed=12.75 MB, used=12.19 MB, max=-1.00 B, threshold=0.00 B
2017-08-17 19:00:40.803+0000 INFO  [o.n.k.i.DiagnosticsManager] Memory Pool: Compressed Class Space (Non-heap memory): committed=1.75 MB, used=1.53 MB, max=1.00 GB, threshold=0.00 B
2017-08-17 19:00:40.803+0000 INFO  [o.n.k.i.DiagnosticsManager] Memory Pool: PS Eden Space (Heap memory): committed=2.00 GB, used=368.73 MB, max=2.00 GB, threshold=?
2017-08-17 19:00:40.804+0000 INFO  [o.n.k.i.DiagnosticsManager] Memory Pool: PS Survivor Space (Heap memory): committed=341.00 MB, used=0.00 B, max=341.00 MB, threshold=?
2017-08-17 19:00:40.804+0000 INFO  [o.n.k.i.DiagnosticsManager] Memory Pool: PS Old Gen (Heap memory): committed=5.33 GB, used=0.00 B, max=5.33 GB, threshold=0.00 B
2017-08-17 19:00:40.808+0000 INFO  [o.n.k.i.DiagnosticsManager] Operating system information:
2017-08-17 19:00:40.809+0000 INFO  [o.n.k.i.DiagnosticsManager] Operating System: Mac OS X; version: 10.12.6; arch: x86_64; cpus: 4
2017-08-17 19:00:40.810+0000 INFO  [o.n.k.i.DiagnosticsManager] Max number of file descriptors: 10240
2017-08-17 19:00:40.810+0000 INFO  [o.n.k.i.DiagnosticsManager] Number of open file descriptors: 99
2017-08-17 19:00:45.815+0000 INFO  [o.n.k.i.DiagnosticsManager] Process id: 12886@Siavashs-MacBook-Air.local
2017-08-17 19:00:45.816+0000 INFO  [o.n.k.i.DiagnosticsManager] Byte order: LITTLE_ENDIAN
2017-08-17 19:00:45.816+0000 INFO  [o.n.k.i.DiagnosticsManager] Local timezone: Europe/Amsterdam
2017-08-17 19:00:45.816+0000 INFO  [o.n.k.i.DiagnosticsManager] JVM information:
2017-08-17 19:00:45.816+0000 INFO  [o.n.k.i.DiagnosticsManager] VM Name: Java HotSpot(TM) 64-Bit Server VM
2017-08-17 19:00:45.816+0000 INFO  [o.n.k.i.DiagnosticsManager] VM Vendor: Oracle Corporation
2017-08-17 19:00:45.816+0000 INFO  [o.n.k.i.DiagnosticsManager] VM Version: 25.121-b13
2017-08-17 19:00:45.816+0000 INFO  [o.n.k.i.DiagnosticsManager] JIT compiler: HotSpot 64-Bit Tiered Compilers
2017-08-17 19:00:45.817+0000 INFO  [o.n.k.i.DiagnosticsManager] VM Arguments: [-Dfile.encoding=UTF-8, -Xms8g, -agentpath:/Applications/NetBeans/NetBeans 8.1.app/Contents/Resources/NetBeans/profiler/lib/deployed/jdk16/mac/libprofilerinterface.jnilib=/Applications/NetBeans/NetBeans 8.1.app/Contents/Resources/NetBeans/profiler/lib,5140,10, -XX:+HeapDumpOnOutOfMemoryError, -XX:HeapDumpPath=/Users/siavash/pantools/nbproject/private/profiler]
2017-08-17 19:00:45.817+0000 INFO  [o.n.k.i.DiagnosticsManager] Java classpath:
2017-08-17 19:00:45.820+0000 INFO  [o.n.k.i.DiagnosticsManager]  [classpath + loader.0] file:/Users/siavash/neo4j-community-3.1.3/lib/neo4j-io-3.1.3.jar
2017-08-17 19:00:45.820+0000 INFO  [o.n.k.i.DiagnosticsManager]  [classpath + loader.0] file:/Users/siavash/neo4j-community-3.1.3/lib/jetty-http-9.2.9.v20150224.jar
2017-08-17 19:00:45.820+0000 INFO  [o.n.k.i.DiagnosticsManager]  [classpath + loader.0] file:/Users/siavash/neo4j-community-3.1.3/lib/neo4j-cypher-frontend-3.1-3.1.3.jar
2017-08-17 19:00:45.820+0000 INFO  [o.n.k.i.DiagnosticsManager]  [classpath + loader.0] file:/Users/siavash/neo4j-community-3.1.3/lib/neo4j-dbms-3.1.3.jar
2017-08-17 19:00:45.820+0000 INFO  [o.n.k.i.DiagnosticsManager]  [classpath + loader.0] file:/Users/siavash/neo4j-community-3.1.3/lib/neo4j-graph-algo-3.1.3.jar
2017-08-17 19:00:45.820+0000 INFO  [o.n.k.i.DiagnosticsManager]  [bootstrap] /Library/Java/JavaVirtualMachines/jdk1.8.0_121.jdk/Contents/Home/jre/lib/charsets.jar
2017-08-17 19:00:45.820+0000 INFO  [o.n.k.i.DiagnosticsManager]  [classpath + loader.0] file:/Users/siavash/neo4j-community-3.1.3/lib/neo4j-cypher-frontend-3.0-3.0.8.jar
2017-08-17 19:00:45.820+0000 INFO  [o.n.k.i.DiagnosticsManager]  [bootstrap] /Library/Java/JavaVirtualMachines/jdk1.8.0_121.jdk/Contents/Home/jre/classes
2017-08-17 19:00:45.820+0000 INFO  [o.n.k.i.DiagnosticsManager]  [classpath + loader.0] file:/Users/siavash/neo4j-community-3.1.3/lib/neo4j-common-3.1.3.jar
2017-08-17 19:00:45.820+0000 INFO  [o.n.k.i.DiagnosticsManager]  [classpath + loader.0] file:/Users/siavash/neo4j-community-3.1.3/lib/neo4j-security-3.1.3.jar
2017-08-17 19:00:45.820+0000 INFO  [o.n.k.i.DiagnosticsManager]  [classpath + loader.0] file:/Users/siavash/neo4j-community-3.1.3/lib/parboiled-scala_2.11-1.1.7.jar
2017-08-17 19:00:45.820+0000 INFO  [o.n.k.i.DiagnosticsManager]  [classpath + loader.0] file:/Users/siavash/neo4j-community-3.1.3/lib/neo4j-udc-3.1.3.jar
2017-08-17 19:00:45.820+0000 INFO  [o.n.k.i.DiagnosticsManager]  [classpath + loader.0] file:/Users/siavash/neo4j-community-3.1.3/lib/commons-logging-1.1.1.jar
2017-08-17 19:00:45.820+0000 INFO  [o.n.k.i.DiagnosticsManager]  [classpath + loader.0] file:/Users/siavash/neo4j-community-3.1.3/lib/neo4j-cypher-compiler-3.1-3.1.3.jar
2017-08-17 19:00:45.820+0000 INFO  [o.n.k.i.DiagnosticsManager]  [classpath + loader.0] file:/Users/siavash/neo4j-community-3.1.3/lib/neo4j-cypher-compiler-3.0-3.0.8.jar
2017-08-17 19:00:45.820+0000 INFO  [o.n.k.i.DiagnosticsManager]  [bootstrap] /Library/Java/JavaVirtualMachines/jdk1.8.0_121.jdk/Contents/Home/jre/lib/jce.jar
2017-08-17 19:00:45.820+0000 INFO  [o.n.k.i.DiagnosticsManager]  [classpath + loader.0] file:/Users/siavash/neo4j-community-3.1.3/lib/jersey-multipart-1.19.jar
2017-08-17 19:00:45.821+0000 INFO  [o.n.k.i.DiagnosticsManager]  [classpath + loader.0] file:/Users/siavash/neo4j-community-3.1.3/lib/jersey-server-1.19.jar
2017-08-17 19:00:45.821+0000 INFO  [o.n.k.i.DiagnosticsManager]  [classpath + loader.0] file:/Users/siavash/neo4j-community-3.1.3/lib/commons-compress-1.12.jar
2017-08-17 19:00:45.821+0000 INFO  [o.n.k.i.DiagnosticsManager]  [loader.1] file:/Library/Java/JavaVirtualMachines/jdk1.8.0_121.jdk/Contents/Home/jre/lib/ext/jfxrt.jar
2017-08-17 19:00:45.821+0000 INFO  [o.n.k.i.DiagnosticsManager]  [classpath + loader.0] file:/Users/siavash/neo4j-community-3.1.3/lib/neo4j-lucene-upgrade-3.1.3.jar
2017-08-17 19:00:45.821+0000 INFO  [o.n.k.i.DiagnosticsManager]  [classpath + loader.0] file:/Users/siavash/neo4j-community-3.1.3/lib/bcprov-jdk15on-1.53.jar
2017-08-17 19:00:45.821+0000 INFO  [o.n.k.i.DiagnosticsManager]  [classpath + loader.0] file:/Users/siavash/neo4j-community-3.1.3/lib/neo4j-codegen-3.1.3.jar
2017-08-17 19:00:45.821+0000 INFO  [o.n.k.i.DiagnosticsManager]  [classpath + loader.0] file:/Users/siavash/neo4j-community-3.1.3/lib/neo4j-graphdb-api-3.1.3.jar
2017-08-17 19:00:45.821+0000 INFO  [o.n.k.i.DiagnosticsManager]  [loader.1] file:/Library/Java/JavaVirtualMachines/jdk1.8.0_121.jdk/Contents/Home/jre/lib/ext/jaccess.jar
2017-08-17 19:00:45.821+0000 INFO  [o.n.k.i.DiagnosticsManager]  [loader.1] file:/Library/Java/JavaVirtualMachines/jdk1.8.0_121.jdk/Contents/Home/jre/lib/ext/localedata.jar
2017-08-17 19:00:45.821+0000 INFO  [o.n.k.i.DiagnosticsManager]  [bootstrap] /Library/Java/JavaVirtualMachines/jdk1.8.0_121.jdk/Contents/Home/jre/lib/jsse.jar
2017-08-17 19:00:45.821+0000 INFO  [o.n.k.i.DiagnosticsManager]  [classpath + loader.0] file:/Users/siavash/neo4j-community-3.1.3/lib/jetty-xml-9.2.9.v20150224.jar
2017-08-17 19:00:45.821+0000 INFO  [o.n.k.i.DiagnosticsManager]  [classpath + loader.0] file:/Users/siavash/neo4j-community-3.1.3/lib/neo4j-unsafe-3.1.3.jar
2017-08-17 19:00:45.821+0000 INFO  [o.n.k.i.DiagnosticsManager]  [classpath + loader.0] file:/Users/siavash/neo4j-community-3.1.3/lib/jline-2.12.jar
2017-08-17 19:00:45.821+0000 INFO  [o.n.k.i.DiagnosticsManager]  [classpath + loader.0] file:/Users/siavash/neo4j-community-3.1.3/lib/jackson-mapper-asl-1.9.13.jar
2017-08-17 19:00:45.821+0000 INFO  [o.n.k.i.DiagnosticsManager]  [classpath + loader.0] file:/Users/siavash/neo4j-community-3.1.3/lib/asm-5.0.4.jar
2017-08-17 19:00:45.821+0000 INFO  [o.n.k.i.DiagnosticsManager]  [classpath + loader.0] file:/Users/siavash/neo4j-community-3.1.3/lib/jetty-io-9.2.9.v20150224.jar
2017-08-17 19:00:45.822+0000 INFO  [o.n.k.i.DiagnosticsManager]  [classpath + loader.0] file:/Users/siavash/neo4j-community-3.1.3/lib/neo4j-jmx-3.1.3.jar
2017-08-17 19:00:45.822+0000 INFO  [o.n.k.i.DiagnosticsManager]  [classpath + loader.0] file:/Users/siavash/neo4j-community-3.1.3/lib/neo4j-csv-3.1.3.jar
2017-08-17 19:00:45.822+0000 INFO  [o.n.k.i.DiagnosticsManager]  [classpath + loader.0] file:/Users/siavash/neo4j-community-3.1.3/lib/neo4j-consistency-check-3.1.3.jar
2017-08-17 19:00:45.822+0000 INFO  [o.n.k.i.DiagnosticsManager]  [bootstrap] /Library/Java/JavaVirtualMachines/jdk1.8.0_121.jdk/Contents/Home/jre/lib/rt.jar
2017-08-17 19:00:45.822+0000 INFO  [o.n.k.i.DiagnosticsManager]  [classpath + loader.0] file:/Users/siavash/neo4j-community-3.1.3/lib/commons-configuration-1.10.jar
2017-08-17 19:00:45.822+0000 INFO  [o.n.k.i.DiagnosticsManager]  [classpath + loader.0] file:/Users/siavash/neo4j-community-3.1.3/lib/neo4j-logging-3.1.3.jar
2017-08-17 19:00:45.822+0000 INFO  [o.n.k.i.DiagnosticsManager]  [loader.1] file:/Library/Java/JavaVirtualMachines/jdk1.8.0_121.jdk/Contents/Home/jre/lib/ext/sunjce_provider.jar
2017-08-17 19:00:45.822+0000 INFO  [o.n.k.i.DiagnosticsManager]  [classpath + loader.0] file:/Users/siavash/neo4j-community-3.1.3/lib/neo4j-collections-3.1.3.jar
2017-08-17 19:00:45.822+0000 INFO  [o.n.k.i.DiagnosticsManager]  [classpath + loader.0] file:/Users/siavash/neo4j-community-3.1.3/lib/rhino-1.7R4.jar
2017-08-17 19:00:45.822+0000 INFO  [o.n.k.i.DiagnosticsManager]  [classpath + loader.0] file:/Users/siavash/neo4j-community-3.1.3/lib/neo4j-command-line-3.1.3.jar
2017-08-17 19:00:45.822+0000 INFO  [o.n.k.i.DiagnosticsManager]  [classpath + loader.0] file:/Users/siavash/neo4j-community-3.1.3/lib/commons-digester-2.1.jar
2017-08-17 19:00:45.822+0000 INFO  [o.n.k.i.DiagnosticsManager]  [classpath + loader.0] file:/Users/siavash/neo4j-community-3.1.3/lib/scala-reflect-2.11.8.jar
2017-08-17 19:00:45.822+0000 INFO  [o.n.k.i.DiagnosticsManager]  [classpath + loader.0] file:/Users/siavash/neo4j-community-3.1.3/lib/scala-library-2.11.8.jar
2017-08-17 19:00:45.822+0000 INFO  [o.n.k.i.DiagnosticsManager]  [classpath + loader.0] file:/Users/siavash/neo4j-community-3.1.3/lib/neo4j-primitive-collections-3.1.3.jar
2017-08-17 19:00:45.822+0000 INFO  [o.n.k.i.DiagnosticsManager]  [classpath + loader.0] file:/Users/siavash/neo4j-community-3.1.3/lib/neo4j-kernel-3.1.3.jar
2017-08-17 19:00:45.822+0000 INFO  [o.n.k.i.DiagnosticsManager]  [classpath + loader.0] file:/Users/siavash/neo4j-community-3.1.3/lib/jackson-core-asl-1.9.13.jar
2017-08-17 19:00:45.822+0000 INFO  [o.n.k.i.DiagnosticsManager]  [classpath + loader.0] file:/Users/siavash/neo4j-community-3.1.3/lib/jetty-util-9.2.9.v20150224.jar
2017-08-17 19:00:45.822+0000 INFO  [o.n.k.i.DiagnosticsManager]  [classpath + loader.0] file:/Users/siavash/pantools/build/classes/
2017-08-17 19:00:45.822+0000 INFO  [o.n.k.i.DiagnosticsManager]  [classpath + loader.0] file:/Users/siavash/neo4j-community-3.1.3/lib/lucene-core-5.5.0.jar
2017-08-17 19:00:45.822+0000 INFO  [o.n.k.i.DiagnosticsManager]  [bootstrap] /Library/Java/JavaVirtualMachines/jdk1.8.0_121.jdk/Contents/Home/jre/lib/resources.jar
2017-08-17 19:00:45.823+0000 INFO  [o.n.k.i.DiagnosticsManager]  [bootstrap] /Library/Java/JavaVirtualMachines/jdk1.8.0_121.jdk/Contents/Home/jre/lib/jfr.jar
2017-08-17 19:00:45.823+0000 INFO  [o.n.k.i.DiagnosticsManager]  [classpath + loader.0] file:/Users/siavash/neo4j-community-3.1.3/lib/jackson-jaxrs-1.9.13.jar
2017-08-17 19:00:45.823+0000 INFO  [o.n.k.i.DiagnosticsManager]  [classpath + loader.0] file:/Users/siavash/neo4j-community-3.1.3/lib/bcpkix-jdk15on-1.53.jar
2017-08-17 19:00:45.823+0000 INFO  [o.n.k.i.DiagnosticsManager]  [loader.1] file:/Library/Java/JavaVirtualMachines/jdk1.8.0_121.jdk/Contents/Home/jre/lib/ext/dnsns.jar
2017-08-17 19:00:45.823+0000 INFO  [o.n.k.i.DiagnosticsManager]  [classpath + loader.0] file:/Users/siavash/neo4j-community-3.1.3/lib/lucene-analyzers-common-5.5.0.jar
2017-08-17 19:00:45.823+0000 INFO  [o.n.k.i.DiagnosticsManager]  [classpath + loader.0] file:/Users/siavash/neo4j-community-3.1.3/lib/jersey-core-1.19.jar
2017-08-17 19:00:45.823+0000 INFO  [o.n.k.i.DiagnosticsManager]  [classpath + loader.0] file:/Users/siavash/neo4j-community-3.1.3/lib/neo4j-lucene-index-3.1.3.jar
2017-08-17 19:00:45.823+0000 INFO  [o.n.k.i.DiagnosticsManager]  [classpath + loader.0] file:/Users/siavash/neo4j-community-3.1.3/lib/neo4j-resource-3.1.3.jar
2017-08-17 19:00:45.823+0000 INFO  [o.n.k.i.DiagnosticsManager]  [loader.1] file:/Library/Java/JavaVirtualMachines/jdk1.8.0_121.jdk/Contents/Home/jre/lib/ext/sunpkcs11.jar
2017-08-17 19:00:45.823+0000 INFO  [o.n.k.i.DiagnosticsManager]  [classpath + loader.0] file:/Users/siavash/neo4j-community-3.1.3/lib/jersey-servlet-1.19.jar
2017-08-17 19:00:45.823+0000 INFO  [o.n.k.i.DiagnosticsManager]  [loader.1] file:/Library/Java/JavaVirtualMachines/jdk1.8.0_121.jdk/Contents/Home/jre/lib/ext/nashorn.jar
2017-08-17 19:00:45.823+0000 INFO  [o.n.k.i.DiagnosticsManager]  [bootstrap] /Applications/NetBeans/NetBeans 8.1.app/Contents/Resources/NetBeans/profiler/lib/jfluid-server.jar
2017-08-17 19:00:45.823+0000 INFO  [o.n.k.i.DiagnosticsManager]  [classpath + loader.0] file:/Users/siavash/neo4j-community-3.1.3/lib/jetty-security-9.2.9.v20150224.jar
2017-08-17 19:00:45.824+0000 INFO  [o.n.k.i.DiagnosticsManager]  [bootstrap] /Applications/NetBeans/NetBeans 8.1.app/Contents/Resources/NetBeans/profiler/lib/jfluid-server-15.jar
2017-08-17 19:00:45.824+0000 INFO  [o.n.k.i.DiagnosticsManager]  [loader.1] file:/Library/Java/JavaVirtualMachines/jdk1.8.0_121.jdk/Contents/Home/jre/lib/ext/zipfs.jar
2017-08-17 19:00:45.824+0000 INFO  [o.n.k.i.DiagnosticsManager]  [classpath + loader.0] file:/Users/siavash/neo4j-community-3.1.3/lib/javax.servlet-api-3.1.0.jar
2017-08-17 19:00:45.824+0000 INFO  [o.n.k.i.DiagnosticsManager]  [classpath + loader.0] file:/Users/siavash/neo4j-community-3.1.3/lib/lucene-queryparser-5.5.0.jar
2017-08-17 19:00:45.824+0000 INFO  [o.n.k.i.DiagnosticsManager]  [classpath + loader.0] file:/Users/siavash/neo4j-community-3.1.3/lib/opencsv-2.3.jar
2017-08-17 19:00:45.824+0000 INFO  [o.n.k.i.DiagnosticsManager]  [loader.1] file:/Library/Java/JavaVirtualMachines/jdk1.8.0_121.jdk/Contents/Home/jre/lib/ext/sunec.jar
2017-08-17 19:00:45.824+0000 INFO  [o.n.k.i.DiagnosticsManager]  [classpath + loader.0] file:/Users/siavash/neo4j-community-3.1.3/lib/neo4j-cypher-frontend-2.3-2.3.9.jar
2017-08-17 19:00:45.824+0000 INFO  [o.n.k.i.DiagnosticsManager]  [classpath + loader.0] file:/Users/siavash/neo4j-community-3.1.3/lib/neo4j-shell-3.1.3.jar
2017-08-17 19:00:45.824+0000 INFO  [o.n.k.i.DiagnosticsManager]  [classpath + loader.0] file:/Users/siavash/neo4j-community-3.1.3/lib/jetty-webapp-9.2.9.v20150224.jar
2017-08-17 19:00:45.824+0000 INFO  [o.n.k.i.DiagnosticsManager]  [classpath + loader.0] file:/Users/siavash/neo4j-community-3.1.3/lib/neo4j-graph-matching-3.1.3.jar
2017-08-17 19:00:45.824+0000 INFO  [o.n.k.i.DiagnosticsManager]  [loader.1] file:/System/Library/Java/Extensions/MRJToolkit.jar
2017-08-17 19:00:45.824+0000 INFO  [o.n.k.i.DiagnosticsManager]  [bootstrap] /Library/Java/JavaVirtualMachines/jdk1.8.0_121.jdk/Contents/Home/jre/lib/sunrsasign.jar
2017-08-17 19:00:45.824+0000 INFO  [o.n.k.i.DiagnosticsManager]  [classpath + loader.0] file:/Users/siavash/neo4j-community-3.1.3/lib/neo4j-bolt-3.1.3.jar
2017-08-17 19:00:45.824+0000 INFO  [o.n.k.i.DiagnosticsManager]  [classpath + loader.0] file:/Users/siavash/neo4j-community-3.1.3/lib/neo4j-cypher-compiler-2.3-2.3.9.jar
2017-08-17 19:00:45.824+0000 INFO  [o.n.k.i.DiagnosticsManager]  [classpath + loader.0] file:/Users/siavash/neo4j-community-3.1.3/lib/jsr311-api-1.1.2.r612.jar
2017-08-17 19:00:45.825+0000 INFO  [o.n.k.i.DiagnosticsManager]  [classpath + loader.0] file:/Users/siavash/neo4j-community-3.1.3/lib/neo4j-browser-2.0.0-M10.jar
2017-08-17 19:00:45.825+0000 INFO  [o.n.k.i.DiagnosticsManager]  [classpath + loader.0] file:/Users/siavash/neo4j-community-3.1.3/lib/netty-all-4.1.8.Final.jar
2017-08-17 19:00:45.825+0000 INFO  [o.n.k.i.DiagnosticsManager]  [classpath + loader.0] file:/Users/siavash/neo4j-community-3.1.3/lib/caffeine-2.3.3.jar
2017-08-17 19:00:45.825+0000 INFO  [o.n.k.i.DiagnosticsManager]  [classpath + loader.0] file:/Users/siavash/neo4j-community-3.1.3/lib/parboiled-core-1.1.7.jar
2017-08-17 19:00:45.825+0000 INFO  [o.n.k.i.DiagnosticsManager]  [classpath + loader.0] file:/Users/siavash/neo4j-community-3.1.3/lib/commons-lang-2.6.jar
2017-08-17 19:00:45.825+0000 INFO  [o.n.k.i.DiagnosticsManager]  [classpath + loader.0] file:/Users/siavash/neo4j-community-3.1.3/lib/concurrentlinkedhashmap-lru-1.4.2.jar
2017-08-17 19:00:45.825+0000 INFO  [o.n.k.i.DiagnosticsManager]  [classpath + loader.0] file:/Users/siavash/neo4j-community-3.1.3/lib/lucene-codecs-5.5.0.jar
2017-08-17 19:00:45.825+0000 INFO  [o.n.k.i.DiagnosticsManager]  [classpath + loader.0] file:/Users/siavash/neo4j-community-3.1.3/lib/commons-io-2.4.jar
2017-08-17 19:00:45.825+0000 INFO  [o.n.k.i.DiagnosticsManager]  [classpath + loader.0] file:/Users/siavash/neo4j-community-3.1.3/lib/neo4j-import-tool-3.1.3.jar
2017-08-17 19:00:45.825+0000 INFO  [o.n.k.i.DiagnosticsManager]  [classpath + loader.0] file:/Users/siavash/neo4j-community-3.1.3/lib/jetty-server-9.2.9.v20150224.jar
2017-08-17 19:00:45.825+0000 INFO  [o.n.k.i.DiagnosticsManager]  [classpath + loader.0] file:/Users/siavash/neo4j-community-3.1.3/lib/server-api-3.1.3.jar
2017-08-17 19:00:45.825+0000 INFO  [o.n.k.i.DiagnosticsManager]  [loader.1] file:/Library/Java/JavaVirtualMachines/jdk1.8.0_121.jdk/Contents/Home/jre/lib/ext/cldrdata.jar
2017-08-17 19:00:45.825+0000 INFO  [o.n.k.i.DiagnosticsManager]  [classpath + loader.0] file:/Users/siavash/neo4j-community-3.1.3/lib/commons-lang3-3.3.2.jar
2017-08-17 19:00:45.825+0000 INFO  [o.n.k.i.DiagnosticsManager]  [classpath + loader.0] file:/Users/siavash/neo4j-community-3.1.3/lib/neo4j-server-3.1.3.jar
2017-08-17 19:00:45.825+0000 INFO  [o.n.k.i.DiagnosticsManager]  [classpath + loader.0] file:/Users/siavash/neo4j-community-3.1.3/lib/jetty-servlet-9.2.9.v20150224.jar
2017-08-17 19:00:45.825+0000 INFO  [o.n.k.i.DiagnosticsManager]  [classpath + loader.0] file:/Users/siavash/neo4j-community-3.1.3/lib/mimepull-1.9.3.jar
2017-08-17 19:00:45.825+0000 INFO  [o.n.k.i.DiagnosticsManager]  [classpath + loader.0] file:/Users/siavash/neo4j-community-3.1.3/lib/neo4j-cypher-3.1.3.jar
2017-08-17 19:00:45.825+0000 INFO  [o.n.k.i.DiagnosticsManager]  [classpath + loader.0] file:/Users/siavash/neo4j-community-3.1.3/lib/commons-beanutils-1.8.3.jar
2017-08-17 19:00:45.826+0000 INFO  [o.n.k.i.DiagnosticsManager] Library path:
2017-08-17 19:00:45.826+0000 INFO  [o.n.k.i.DiagnosticsManager] /Users/siavash/Library/Java/Extensions
2017-08-17 19:00:45.826+0000 INFO  [o.n.k.i.DiagnosticsManager] /Library/Java/Extensions
2017-08-17 19:00:45.826+0000 INFO  [o.n.k.i.DiagnosticsManager] /Network/Library/Java/Extensions
2017-08-17 19:00:45.826+0000 INFO  [o.n.k.i.DiagnosticsManager] /System/Library/Java/Extensions
2017-08-17 19:00:45.826+0000 INFO  [o.n.k.i.DiagnosticsManager] /usr/lib/java
2017-08-17 19:00:45.827+0000 INFO  [o.n.k.i.DiagnosticsManager] /Users/siavash/pantools
2017-08-17 19:00:45.827+0000 INFO  [o.n.k.i.DiagnosticsManager] System.properties:
2017-08-17 19:00:45.827+0000 INFO  [o.n.k.i.DiagnosticsManager] sun.boot.library.path = /Library/Java/JavaVirtualMachines/jdk1.8.0_121.jdk/Contents/Home/jre/lib
2017-08-17 19:00:45.827+0000 INFO  [o.n.k.i.DiagnosticsManager] user.country.format = NL
2017-08-17 19:00:45.827+0000 INFO  [o.n.k.i.DiagnosticsManager] gopherProxySet = false
2017-08-17 19:00:45.827+0000 INFO  [o.n.k.i.DiagnosticsManager] path.separator = :
2017-08-17 19:00:45.827+0000 INFO  [o.n.k.i.DiagnosticsManager] file.encoding.pkg = sun.io
2017-08-17 19:00:45.827+0000 INFO  [o.n.k.i.DiagnosticsManager] user.country = US
2017-08-17 19:00:45.829+0000 INFO  [o.n.k.i.DiagnosticsManager] sun.java.launcher = SUN_STANDARD
2017-08-17 19:00:45.829+0000 INFO  [o.n.k.i.DiagnosticsManager] sun.os.patch.level = unknown
2017-08-17 19:00:45.829+0000 INFO  [o.n.k.i.DiagnosticsManager] user.dir = /Users/siavash/pantools
2017-08-17 19:00:45.829+0000 INFO  [o.n.k.i.DiagnosticsManager] sun.jnu.encoding = UTF-8
2017-08-17 19:00:45.829+0000 INFO  [o.n.k.i.DiagnosticsManager] sun.management.compiler = HotSpot 64-Bit Tiered Compilers
2017-08-17 19:00:45.829+0000 INFO  [o.n.k.i.DiagnosticsManager] http.nonProxyHosts = local|*.local|169.254/16|*.169.254/16
2017-08-17 19:00:45.829+0000 INFO  [o.n.k.i.DiagnosticsManager] user.home = /Users/siavash
2017-08-17 19:00:45.830+0000 INFO  [o.n.k.i.DiagnosticsManager] user.timezone = Europe/Amsterdam
2017-08-17 19:00:45.830+0000 INFO  [o.n.k.i.DiagnosticsManager] file.encoding = UTF-8
2017-08-17 19:00:45.830+0000 INFO  [o.n.k.i.DiagnosticsManager] user.name = siavash
2017-08-17 19:00:45.830+0000 INFO  [o.n.k.i.DiagnosticsManager] sun.java.command = pantools.Pantools group 03_p
2017-08-17 19:00:45.830+0000 INFO  [o.n.k.i.DiagnosticsManager] sun.arch.data.model = 64
2017-08-17 19:00:45.830+0000 INFO  [o.n.k.i.DiagnosticsManager] user.language = en
2017-08-17 19:00:45.830+0000 INFO  [o.n.k.i.DiagnosticsManager] awt.toolkit = sun.lwawt.macosx.LWCToolkit
2017-08-17 19:00:45.830+0000 INFO  [o.n.k.i.DiagnosticsManager] file.separator = /
2017-08-17 19:00:45.830+0000 INFO  [o.n.k.i.DiagnosticsManager] sun.io.unicode.encoding = UnicodeBig
2017-08-17 19:00:45.831+0000 INFO  [o.n.k.i.DiagnosticsManager] sun.cpu.endian = little
2017-08-17 19:00:45.831+0000 INFO  [o.n.k.i.DiagnosticsManager] socksNonProxyHosts = local|*.local|169.254/16|*.169.254/16
2017-08-17 19:00:45.831+0000 INFO  [o.n.k.i.DiagnosticsManager] ftp.nonProxyHosts = local|*.local|169.254/16|*.169.254/16
2017-08-17 19:00:45.831+0000 INFO  [o.n.k.i.DiagnosticsManager] sun.cpu.isalist = 
2017-08-17 19:00:45.831+0000 INFO  [o.n.k.i.DiagnosticsManager] Network information:
2017-08-17 19:00:45.832+0000 INFO  [o.n.k.i.DiagnosticsManager] Interface utun0:
2017-08-17 19:00:45.832+0000 INFO  [o.n.k.i.DiagnosticsManager]     address: fe80:0:0:0:b09c:5734:8e18:2487%utun0
2017-08-17 19:00:45.832+0000 INFO  [o.n.k.i.DiagnosticsManager] Interface awdl0:
2017-08-17 19:00:45.832+0000 INFO  [o.n.k.i.DiagnosticsManager]     address: fe80:0:0:0:c07c:53ff:fe6a:9a6a%awdl0
2017-08-17 19:00:45.832+0000 INFO  [o.n.k.i.DiagnosticsManager] Interface en0:
2017-08-17 19:00:45.833+0000 INFO  [o.n.k.i.DiagnosticsManager]     address: fd00:8494:8c45:c552:9934:dc3e:1af9:10b2
2017-08-17 19:00:45.833+0000 INFO  [o.n.k.i.DiagnosticsManager]     address: fd00:8494:8c45:c552:147d:5cdd:4cee:a96f
2017-08-17 19:00:45.833+0000 INFO  [o.n.k.i.DiagnosticsManager]     address: fe80:0:0:0:c99:7211:95e5:6919%en0
2017-08-17 19:00:45.833+0000 INFO  [o.n.k.i.DiagnosticsManager]     address: 192.168.0.11
2017-08-17 19:00:45.833+0000 INFO  [o.n.k.i.DiagnosticsManager] Interface lo0:
2017-08-17 19:00:45.833+0000 INFO  [o.n.k.i.DiagnosticsManager]     address: fe80:0:0:0:0:0:0:1%lo0
2017-08-17 19:00:45.834+0000 INFO  [o.n.k.i.DiagnosticsManager]     address: 0:0:0:0:0:0:0:1
2017-08-17 19:00:45.834+0000 INFO  [o.n.k.i.DiagnosticsManager]     address: 127.0.0.1
2017-08-17 19:00:45.834+0000 INFO  [o.n.k.i.DiagnosticsManager] --- INITIALIZED diagnostics END ---
2017-08-17 19:00:45.949+0000 INFO  [o.n.k.i.s.f.RecordFormatSelector] Selected format 'RecordFormat:StandardV3_0[v0.A.7]' for the new store
2017-08-17 19:00:46.391+0000 INFO  [o.n.k.i.a.i.IndexingService] IndexingService.init: indexes not specifically mentioned above are POPULATING
2017-08-17 19:00:46.392+0000 INFO  [o.n.k.a.i.l.LuceneLabelScanStore] No lucene scan store index found, this might just be first use. Preparing to rebuild.
2017-08-17 19:00:46.542+0000 INFO  [o.n.k.NeoStoreDataSource] Opened logical log [/Users/siavash/pantools/03_p/databases/graph.db/neostore.transaction.db.0] version=0, lastTxId=1 (clean)
2017-08-17 19:00:46.547+0000 INFO  [o.n.k.NeoStoreDataSource] No commits found after last check point (which is at <no log position given>)
2017-08-17 19:00:46.555+0000 WARN  [o.n.k.i.s.MetaDataStore] Missing counts store, rebuilding it.
2017-08-17 19:00:46.656+0000 INFO  [o.n.k.i.a.i.IndexingService] IndexingService.start: indexes not specifically mentioned above are POPULATING
2017-08-17 19:00:46.658+0000 INFO  [o.n.k.a.i.l.LuceneLabelScanStore] Rebuilding lucene scan store, this may take a while
2017-08-17 19:00:46.668+0000 INFO  [o.n.k.a.i.l.LuceneLabelScanStore] Lucene scan store rebuilt (roughly 0 nodes)
2017-08-17 19:00:46.672+0000 INFO  [o.n.k.i.DatabaseHealth] Database health set to OK
2017-08-17 19:00:47.103+0000 INFO  [o.n.k.AvailabilityGuard] Fulfilling of requirement makes database available: Database available
2017-08-17 19:00:47.103+0000 INFO  [o.n.k.i.f.GraphDatabaseFacadeFactory] Database is now ready
2017-08-17 19:00:47.105+0000 INFO  [o.n.k.i.DiagnosticsManager] --- STARTED diagnostics for KernelDiagnostics:Versions START ---
2017-08-17 19:00:47.106+0000 INFO  [o.n.k.i.DiagnosticsManager] Graph Database: community single StoreId{creationTime=1502996446222, randomId=-952218564982693291, storeVersion=15531981201765894, upgradeTime=1502996446222, upgradeId=1}
2017-08-17 19:00:47.106+0000 INFO  [o.n.k.i.DiagnosticsManager] Kernel version: 3.1.3,04f0baa1339a0eab4d2d316b336230cdec036119
2017-08-17 19:00:47.106+0000 INFO  [o.n.k.i.DiagnosticsManager] --- STARTED diagnostics for KernelDiagnostics:Versions END ---
2017-08-17 19:00:47.111+0000 INFO  [o.n.k.i.DiagnosticsManager] --- STARTED diagnostics for NEO_STORE_VERSIONS START ---
2017-08-17 19:00:47.111+0000 INFO  [o.n.k.i.DiagnosticsManager] Store versions:
2017-08-17 19:00:47.111+0000 INFO  [o.n.k.i.DiagnosticsManager] Store versions:
2017-08-17 19:00:47.112+0000 INFO  [o.n.k.i.DiagnosticsManager]   ArrayPropertyStore v0.A.7
2017-08-17 19:00:47.112+0000 INFO  [o.n.k.i.DiagnosticsManager]   NodeStore v0.A.7
2017-08-17 19:00:47.112+0000 INFO  [o.n.k.i.DiagnosticsManager]   StringPropertyStore v0.A.7
2017-08-17 19:00:47.112+0000 INFO  [o.n.k.i.DiagnosticsManager]   PropertyIndexStore v0.A.7
2017-08-17 19:00:47.112+0000 INFO  [o.n.k.i.DiagnosticsManager]   StringPropertyStore v0.A.7
2017-08-17 19:00:47.112+0000 INFO  [o.n.k.i.DiagnosticsManager]   ArrayPropertyStore v0.A.7
2017-08-17 19:00:47.112+0000 INFO  [o.n.k.i.DiagnosticsManager]   PropertyStore v0.A.7
2017-08-17 19:00:47.112+0000 INFO  [o.n.k.i.DiagnosticsManager]   RelationshipStore v0.A.7
2017-08-17 19:00:47.112+0000 INFO  [o.n.k.i.DiagnosticsManager]   StringPropertyStore v0.A.7
2017-08-17 19:00:47.112+0000 INFO  [o.n.k.i.DiagnosticsManager]   RelationshipTypeStore v0.A.7
2017-08-17 19:00:47.113+0000 INFO  [o.n.k.i.DiagnosticsManager]   StringPropertyStore v0.A.7
2017-08-17 19:00:47.113+0000 INFO  [o.n.k.i.DiagnosticsManager]   LabelTokenStore v0.A.7
2017-08-17 19:00:47.113+0000 INFO  [o.n.k.i.DiagnosticsManager]   SchemaStore v0.A.7
2017-08-17 19:00:47.113+0000 INFO  [o.n.k.i.DiagnosticsManager]   RelationshipGroupStore v0.A.7
2017-08-17 19:00:47.113+0000 INFO  [o.n.k.i.DiagnosticsManager]   NeoStore v0.A.7
2017-08-17 19:00:47.113+0000 INFO  [o.n.k.i.DiagnosticsManager] --- STARTED diagnostics for NEO_STORE_VERSIONS END ---
2017-08-17 19:00:47.113+0000 INFO  [o.n.k.i.DiagnosticsManager] --- STARTED diagnostics for NEO_STORE_ID_USAGE START ---
2017-08-17 19:00:47.113+0000 INFO  [o.n.k.i.DiagnosticsManager] Id usage:
2017-08-17 19:00:47.113+0000 INFO  [o.n.k.i.DiagnosticsManager] Id usage:
2017-08-17 19:00:47.114+0000 INFO  [o.n.k.i.DiagnosticsManager]   ArrayPropertyStore: used=1 high=0
2017-08-17 19:00:47.114+0000 INFO  [o.n.k.i.DiagnosticsManager]   NodeStore: used=0 high=-1
2017-08-17 19:00:47.114+0000 INFO  [o.n.k.i.DiagnosticsManager]   StringPropertyStore: used=1 high=0
2017-08-17 19:00:47.114+0000 INFO  [o.n.k.i.DiagnosticsManager]   PropertyIndexStore: used=0 high=-1
2017-08-17 19:00:47.114+0000 INFO  [o.n.k.i.DiagnosticsManager]   StringPropertyStore: used=1 high=0
2017-08-17 19:00:47.115+0000 INFO  [o.n.k.i.DiagnosticsManager]   ArrayPropertyStore: used=1 high=0
2017-08-17 19:00:47.115+0000 INFO  [o.n.k.i.DiagnosticsManager]   PropertyStore: used=0 high=-1
2017-08-17 19:00:47.115+0000 INFO  [o.n.k.i.DiagnosticsManager]   RelationshipStore: used=0 high=-1
2017-08-17 19:00:47.115+0000 INFO  [o.n.k.i.DiagnosticsManager]   StringPropertyStore: used=1 high=0
2017-08-17 19:00:47.116+0000 INFO  [o.n.k.i.DiagnosticsManager]   RelationshipTypeStore: used=0 high=-1
2017-08-17 19:00:47.116+0000 INFO  [o.n.k.i.DiagnosticsManager]   StringPropertyStore: used=1 high=0
2017-08-17 19:00:47.116+0000 INFO  [o.n.k.i.DiagnosticsManager]   LabelTokenStore: used=0 high=-1
2017-08-17 19:00:47.116+0000 INFO  [o.n.k.i.DiagnosticsManager]   SchemaStore: used=1 high=0
2017-08-17 19:00:47.116+0000 INFO  [o.n.k.i.DiagnosticsManager]   RelationshipGroupStore: used=1 high=0
2017-08-17 19:00:47.116+0000 INFO  [o.n.k.i.DiagnosticsManager]   NeoStore: used=15 high=14
2017-08-17 19:00:47.116+0000 INFO  [o.n.k.i.DiagnosticsManager] --- STARTED diagnostics for NEO_STORE_ID_USAGE END ---
2017-08-17 19:00:47.116+0000 INFO  [o.n.k.i.DiagnosticsManager] --- STARTED diagnostics for NEO_STORE_RECORDS START ---
2017-08-17 19:00:47.116+0000 INFO  [o.n.k.i.DiagnosticsManager] Neostore records:
2017-08-17 19:00:47.119+0000 INFO  [o.n.k.i.DiagnosticsManager] TIME (Creation time): 1502996446222
2017-08-17 19:00:47.119+0000 INFO  [o.n.k.i.DiagnosticsManager] RANDOM_NUMBER (Random number for store id): -952218564982693291
2017-08-17 19:00:47.119+0000 INFO  [o.n.k.i.DiagnosticsManager] LOG_VERSION (Current log version): 0
2017-08-17 19:00:47.120+0000 INFO  [o.n.k.i.DiagnosticsManager] LAST_TRANSACTION_ID (Last committed transaction): 1
2017-08-17 19:00:47.120+0000 INFO  [o.n.k.i.DiagnosticsManager] STORE_VERSION (Store format version): 15531981201765894
2017-08-17 19:00:47.120+0000 INFO  [o.n.k.i.DiagnosticsManager] FIRST_GRAPH_PROPERTY (First property record containing graph properties): -1
2017-08-17 19:00:47.120+0000 INFO  [o.n.k.i.DiagnosticsManager] LAST_CONSTRAINT_TRANSACTION (Last committed transaction containing constraint changes): 0
2017-08-17 19:00:47.120+0000 INFO  [o.n.k.i.DiagnosticsManager] UPGRADE_TRANSACTION_ID (Transaction id most recent upgrade was performed at): 1
2017-08-17 19:00:47.120+0000 INFO  [o.n.k.i.DiagnosticsManager] UPGRADE_TIME (Time of last upgrade): 1502996446222
2017-08-17 19:00:47.120+0000 INFO  [o.n.k.i.DiagnosticsManager] LAST_TRANSACTION_CHECKSUM (Checksum of last committed transaction): 0
2017-08-17 19:00:47.120+0000 INFO  [o.n.k.i.DiagnosticsManager] UPGRADE_TRANSACTION_CHECKSUM (Checksum of transaction id the most recent upgrade was performed at): 0
2017-08-17 19:00:47.120+0000 INFO  [o.n.k.i.DiagnosticsManager] LAST_CLOSED_TRANSACTION_LOG_VERSION (Log version where the last transaction commit entry has been written into): 0
2017-08-17 19:00:47.120+0000 INFO  [o.n.k.i.DiagnosticsManager] LAST_CLOSED_TRANSACTION_LOG_BYTE_OFFSET (Byte offset in the log file where the last transaction commit entry has been written into): 16
2017-08-17 19:00:47.120+0000 INFO  [o.n.k.i.DiagnosticsManager] LAST_TRANSACTION_COMMIT_TIMESTAMP (Commit time timestamp for last committed transaction): 0
2017-08-17 19:00:47.121+0000 INFO  [o.n.k.i.DiagnosticsManager] UPGRADE_TRANSACTION_COMMIT_TIMESTAMP (Commit timestamp of transaction the most recent upgrade was performed at): 0
2017-08-17 19:00:47.121+0000 INFO  [o.n.k.i.DiagnosticsManager] --- STARTED diagnostics for NEO_STORE_RECORDS END ---
2017-08-17 19:00:47.123+0000 INFO  [o.n.k.i.DiagnosticsManager] --- STARTED diagnostics for TRANSACTION_RANGE START ---
2017-08-17 19:00:47.123+0000 INFO  [o.n.k.i.DiagnosticsManager] Transaction log:
2017-08-17 19:00:47.124+0000 INFO  [o.n.k.i.DiagnosticsManager] No transactions found in any log
2017-08-17 19:00:47.124+0000 INFO  [o.n.k.i.DiagnosticsManager] --- STARTED diagnostics for TRANSACTION_RANGE END ---
2017-08-17 19:00:47.125+0000 INFO  [o.n.k.i.DiagnosticsManager] --- STARTED diagnostics for KernelDiagnostics:StoreFiles START ---
2017-08-17 19:00:47.125+0000 INFO  [o.n.k.i.DiagnosticsManager] Disk space on partition (Total / Free / Free %): 249779191808 / 161504665600 / 64
Storage files: (filename : modification date - size)
2017-08-17 19:00:47.127+0000 INFO  [o.n.k.i.DiagnosticsManager]   index:
2017-08-17 19:00:47.127+0000 INFO  [o.n.k.i.DiagnosticsManager]   - Total: 2017-08-17T21:00:46+0200 - 0.00 B
2017-08-17 19:00:47.127+0000 INFO  [o.n.k.i.DiagnosticsManager]   logs:
2017-08-17 19:00:47.127+0000 INFO  [o.n.k.i.DiagnosticsManager]     debug.log: 2017-08-17T21:00:47+0200 - 35.16 kB
2017-08-17 19:00:47.128+0000 INFO  [o.n.k.i.DiagnosticsManager]   - Total: 2017-08-17T21:00:40+0200 - 35.16 kB
2017-08-17 19:00:47.128+0000 INFO  [o.n.k.i.DiagnosticsManager]   neostore: 2017-08-17T21:00:46+0200 - 8.00 kB
2017-08-17 19:00:47.128+0000 INFO  [o.n.k.i.DiagnosticsManager]   neostore.counts.db.a: 2017-08-17T21:00:46+0200 - 96.00 B
2017-08-17 19:00:47.128+0000 INFO  [o.n.k.i.DiagnosticsManager]   neostore.id: 2017-08-17T21:00:46+0200 - 9.00 B
2017-08-17 19:00:47.128+0000 INFO  [o.n.k.i.DiagnosticsManager]   neostore.labeltokenstore.db: 2017-08-17T21:00:46+0200 - 0.00 B
2017-08-17 19:00:47.129+0000 INFO  [o.n.k.i.DiagnosticsManager]   neostore.labeltokenstore.db.id: 2017-08-17T21:00:46+0200 - 9.00 B
2017-08-17 19:00:47.129+0000 INFO  [o.n.k.i.DiagnosticsManager]   neostore.labeltokenstore.db.names: 2017-08-17T21:00:46+0200 - 8.00 kB
2017-08-17 19:00:47.129+0000 INFO  [o.n.k.i.DiagnosticsManager]   neostore.labeltokenstore.db.names.id: 2017-08-17T21:00:46+0200 - 9.00 B
2017-08-17 19:00:47.129+0000 INFO  [o.n.k.i.DiagnosticsManager]   neostore.nodestore.db: 2017-08-17T21:00:46+0200 - 0.00 B
2017-08-17 19:00:47.130+0000 INFO  [o.n.k.i.DiagnosticsManager]   neostore.nodestore.db.id: 2017-08-17T21:00:46+0200 - 9.00 B
2017-08-17 19:00:47.130+0000 INFO  [o.n.k.i.DiagnosticsManager]   neostore.nodestore.db.labels: 2017-08-17T21:00:46+0200 - 8.00 kB
2017-08-17 19:00:47.130+0000 INFO  [o.n.k.i.DiagnosticsManager]   neostore.nodestore.db.labels.id: 2017-08-17T21:00:46+0200 - 9.00 B
2017-08-17 19:00:47.130+0000 INFO  [o.n.k.i.DiagnosticsManager]   neostore.propertystore.db: 2017-08-17T21:00:46+0200 - 0.00 B
2017-08-17 19:00:47.130+0000 INFO  [o.n.k.i.DiagnosticsManager]   neostore.propertystore.db.arrays: 2017-08-17T21:00:46+0200 - 8.00 kB
2017-08-17 19:00:47.131+0000 INFO  [o.n.k.i.DiagnosticsManager]   neostore.propertystore.db.arrays.id: 2017-08-17T21:00:46+0200 - 9.00 B
2017-08-17 19:00:47.131+0000 INFO  [o.n.k.i.DiagnosticsManager]   neostore.propertystore.db.id: 2017-08-17T21:00:46+0200 - 9.00 B
2017-08-17 19:00:47.132+0000 INFO  [o.n.k.i.DiagnosticsManager]   neostore.propertystore.db.index: 2017-08-17T21:00:46+0200 - 0.00 B
2017-08-17 19:00:47.132+0000 INFO  [o.n.k.i.DiagnosticsManager]   neostore.propertystore.db.index.id: 2017-08-17T21:00:46+0200 - 9.00 B
2017-08-17 19:00:47.132+0000 INFO  [o.n.k.i.DiagnosticsManager]   neostore.propertystore.db.index.keys: 2017-08-17T21:00:46+0200 - 8.00 kB
2017-08-17 19:00:47.132+0000 INFO  [o.n.k.i.DiagnosticsManager]   neostore.propertystore.db.index.keys.id: 2017-08-17T21:00:46+0200 - 9.00 B
2017-08-17 19:00:47.133+0000 INFO  [o.n.k.i.DiagnosticsManager]   neostore.propertystore.db.strings: 2017-08-17T21:00:46+0200 - 8.00 kB
2017-08-17 19:00:47.133+0000 INFO  [o.n.k.i.DiagnosticsManager]   neostore.propertystore.db.strings.id: 2017-08-17T21:00:46+0200 - 9.00 B
2017-08-17 19:00:47.133+0000 INFO  [o.n.k.i.DiagnosticsManager]   neostore.relationshipgroupstore.db: 2017-08-17T21:00:46+0200 - 8.00 kB
2017-08-17 19:00:47.133+0000 INFO  [o.n.k.i.DiagnosticsManager]   neostore.relationshipgroupstore.db.id: 2017-08-17T21:00:46+0200 - 9.00 B
2017-08-17 19:00:47.133+0000 INFO  [o.n.k.i.DiagnosticsManager]   neostore.relationshipstore.db: 2017-08-17T21:00:46+0200 - 0.00 B
2017-08-17 19:00:47.134+0000 INFO  [o.n.k.i.DiagnosticsManager]   neostore.relationshipstore.db.id: 2017-08-17T21:00:46+0200 - 9.00 B
2017-08-17 19:00:47.134+0000 INFO  [o.n.k.i.DiagnosticsManager]   neostore.relationshiptypestore.db: 2017-08-17T21:00:46+0200 - 0.00 B
2017-08-17 19:00:47.134+0000 INFO  [o.n.k.i.DiagnosticsManager]   neostore.relationshiptypestore.db.id: 2017-08-17T21:00:46+0200 - 9.00 B
2017-08-17 19:00:47.134+0000 INFO  [o.n.k.i.DiagnosticsManager]   neostore.relationshiptypestore.db.names: 2017-08-17T21:00:46+0200 - 8.00 kB
2017-08-17 19:00:47.134+0000 INFO  [o.n.k.i.DiagnosticsManager]   neostore.relationshiptypestore.db.names.id: 2017-08-17T21:00:46+0200 - 9.00 B
2017-08-17 19:00:47.135+0000 INFO  [o.n.k.i.DiagnosticsManager]   neostore.schemastore.db: 2017-08-17T21:00:46+0200 - 8.00 kB
2017-08-17 19:00:47.135+0000 INFO  [o.n.k.i.DiagnosticsManager]   neostore.schemastore.db.id: 2017-08-17T21:00:46+0200 - 9.00 B
2017-08-17 19:00:47.135+0000 INFO  [o.n.k.i.DiagnosticsManager]   neostore.transaction.db.0: 2017-08-17T21:00:46+0200 - 16.00 B
2017-08-17 19:00:47.135+0000 INFO  [o.n.k.i.DiagnosticsManager]   schema:
2017-08-17 19:00:47.135+0000 INFO  [o.n.k.i.DiagnosticsManager]     label:
2017-08-17 19:00:47.135+0000 INFO  [o.n.k.i.DiagnosticsManager]       lucene:
2017-08-17 19:00:47.136+0000 INFO  [o.n.k.i.DiagnosticsManager]         labelStore:
2017-08-17 19:00:47.136+0000 INFO  [o.n.k.i.DiagnosticsManager]           1:
2017-08-17 19:00:47.136+0000 INFO  [o.n.k.i.DiagnosticsManager]             write.lock: 2017-08-17T21:00:46+0200 - 0.00 B
2017-08-17 19:00:47.136+0000 INFO  [o.n.k.i.DiagnosticsManager]           - Total: 2017-08-17T21:00:46+0200 - 0.00 B
2017-08-17 19:00:47.136+0000 INFO  [o.n.k.i.DiagnosticsManager]           failure-message: 2017-08-17T21:00:46+0200 - 16.00 kB
2017-08-17 19:00:47.137+0000 INFO  [o.n.k.i.DiagnosticsManager]         - Total: 2017-08-17T21:00:46+0200 - 16.00 kB
2017-08-17 19:00:47.137+0000 INFO  [o.n.k.i.DiagnosticsManager]       - Total: 2017-08-17T21:00:46+0200 - 16.00 kB
2017-08-17 19:00:47.137+0000 INFO  [o.n.k.i.DiagnosticsManager]     - Total: 2017-08-17T21:00:46+0200 - 16.00 kB
2017-08-17 19:00:47.137+0000 INFO  [o.n.k.i.DiagnosticsManager]   - Total: 2017-08-17T21:00:46+0200 - 16.00 kB
2017-08-17 19:00:47.137+0000 INFO  [o.n.k.i.DiagnosticsManager]   store_lock: 2017-08-17T21:00:45+0200 - 0.00 B
2017-08-17 19:00:47.137+0000 INFO  [o.n.k.i.DiagnosticsManager] --- STARTED diagnostics for KernelDiagnostics:StoreFiles END ---
2017-08-17 19:00:47.445+0000 INFO  [o.n.k.i.f.GraphDatabaseFacadeFactory] Shutdown started
2017-08-17 19:00:47.446+0000 INFO  [o.n.k.i.f.GraphDatabaseFacadeFactory] Database is now unavailable
2017-08-17 19:00:47.450+0000 INFO  [o.n.k.i.t.l.c.CheckPointerImpl] Check Pointing triggered by database shutdown [1]:  Starting check pointing...
2017-08-17 19:00:47.450+0000 INFO  [o.n.k.i.t.l.c.CheckPointerImpl] Check Pointing triggered by database shutdown [1]:  Starting store flush...
2017-08-17 19:00:47.477+0000 INFO  [o.n.k.i.t.l.c.CheckPointerImpl] Check Pointing triggered by database shutdown [1]:  Store flush completed
2017-08-17 19:00:47.482+0000 INFO  [o.n.k.i.t.l.c.CheckPointerImpl] Check Pointing triggered by database shutdown [1]:  Starting appending check point entry into the tx log...
2017-08-17 19:00:47.487+0000 INFO  [o.n.k.i.t.l.c.CheckPointerImpl] Check Pointing triggered by database shutdown [1]:  Appending check point entry into the tx log completed
2017-08-17 19:00:47.487+0000 INFO  [o.n.k.i.t.l.c.CheckPointerImpl] Check Pointing triggered by database shutdown [1]:  Check pointing completed
2017-08-17 19:00:47.487+0000 INFO  [o.n.k.i.t.l.p.LogPruningImpl] Log Rotation [0]:  Starting log pruning.
2017-08-17 19:00:47.487+0000 INFO  [o.n.k.i.t.l.p.LogPruningImpl] Log Rotation [0]:  Log pruning complete.
2017-08-17 19:00:47.590+0000 INFO  [o.n.k.i.DiagnosticsManager] --- STOPPING diagnostics START ---
2017-08-17 19:00:47.590+0000 INFO  [o.n.k.i.DiagnosticsManager] --- STOPPING diagnostics END ---
